This is pdfTeX, Version 3.141592653-2.6-1.40.25 (TeX Live 2023) (preloaded format=pdflatex 2023.4.17)  19 APR 2023 22:01
entering extended mode
 restricted \write18 enabled.
 file:line:error style messages enabled.
 %&-line parsing enabled.
**main.tex
(./main.tex
LaTeX2e <2022-11-01> patch level 1
L3 programming layer <2023-03-30>
(c:/texlive/2023/texmf-dist/tex/latex/beamer/beamer.cls
Document Class: beamer 2023/02/20 v3.69 A class for typesetting presentations
(c:/texlive/2023/texmf-dist/tex/latex/beamer/beamerbasemodes.sty
(c:/texlive/2023/texmf-dist/tex/latex/etoolbox/etoolbox.sty
Package: etoolbox 2020/10/05 v2.5k e-TeX tools for LaTeX (JAW)
\etb@tempcnta=\count185
)
\beamer@tempbox=\box51
\beamer@tempcount=\count186
\c@beamerpauses=\count187

(c:/texlive/2023/texmf-dist/tex/latex/beamer/beamerbasedecode.sty
\beamer@slideinframe=\count188
\beamer@minimum=\count189
\beamer@decode@box=\box52
)
\beamer@commentbox=\box53
\beamer@modecount=\count190
)
(c:/texlive/2023/texmf-dist/tex/generic/iftex/iftex.sty
Package: iftex 2022/02/03 v1.0f TeX engine tests
)
\headdp=\dimen140
\footheight=\dimen141
\sidebarheight=\dimen142
\beamer@tempdim=\dimen143
\beamer@finalheight=\dimen144
\beamer@animht=\dimen145
\beamer@animdp=\dimen146
\beamer@animwd=\dimen147
\beamer@leftmargin=\dimen148
\beamer@rightmargin=\dimen149
\beamer@leftsidebar=\dimen150
\beamer@rightsidebar=\dimen151
\beamer@boxsize=\dimen152
\beamer@vboxoffset=\dimen153
\beamer@descdefault=\dimen154
\beamer@descriptionwidth=\dimen155
\beamer@lastskip=\skip48
\beamer@areabox=\box54
\beamer@animcurrent=\box55
\beamer@animshowbox=\box56
\beamer@sectionbox=\box57
\beamer@logobox=\box58
\beamer@linebox=\box59
\beamer@sectioncount=\count191
\beamer@subsubsectionmax=\count192
\beamer@subsectionmax=\count193
\beamer@sectionmax=\count194
\beamer@totalheads=\count195
\beamer@headcounter=\count196
\beamer@partstartpage=\count197
\beamer@sectionstartpage=\count198
\beamer@subsectionstartpage=\count199
\beamer@animationtempa=\count266
\beamer@animationtempb=\count267
\beamer@xpos=\count268
\beamer@ypos=\count269
\beamer@ypos@offset=\count270
\beamer@showpartnumber=\count271
\beamer@currentsubsection=\count272
\beamer@coveringdepth=\count273
\beamer@sectionadjust=\count274
\beamer@toclastsection=\count275
\beamer@tocsectionnumber=\count276

(c:/texlive/2023/texmf-dist/tex/latex/beamer/beamerbaseoptions.sty
(c:/texlive/2023/texmf-dist/tex/latex/graphics/keyval.sty
Package: keyval 2022/05/29 v1.15 key=value parser (DPC)
\KV@toks@=\toks16
))
\beamer@paperwidth=\skip49
\beamer@paperheight=\skip50

(c:/texlive/2023/texmf-dist/tex/latex/geometry/geometry.sty
Package: geometry 2020/01/02 v5.9 Page Geometry

(c:/texlive/2023/texmf-dist/tex/generic/iftex/ifvtex.sty
Package: ifvtex 2019/10/25 v1.7 ifvtex legacy package. Use iftex instead.
)
\Gm@cnth=\count277
\Gm@cntv=\count278
\c@Gm@tempcnt=\count279
\Gm@bindingoffset=\dimen156
\Gm@wd@mp=\dimen157
\Gm@odd@mp=\dimen158
\Gm@even@mp=\dimen159
\Gm@layoutwidth=\dimen160
\Gm@layoutheight=\dimen161
\Gm@layouthoffset=\dimen162
\Gm@layoutvoffset=\dimen163
\Gm@dimlist=\toks17
)
(c:/texlive/2023/texmf-dist/tex/latex/pgf/math/pgfmath.sty
(c:/texlive/2023/texmf-dist/tex/latex/pgf/utilities/pgfrcs.sty
(c:/texlive/2023/texmf-dist/tex/generic/pgf/utilities/pgfutil-common.tex
\pgfutil@everybye=\toks18
\pgfutil@tempdima=\dimen164
\pgfutil@tempdimb=\dimen165
)
(c:/texlive/2023/texmf-dist/tex/generic/pgf/utilities/pgfutil-latex.def
\pgfutil@abb=\box60
)
(c:/texlive/2023/texmf-dist/tex/generic/pgf/utilities/pgfrcs.code.tex
(c:/texlive/2023/texmf-dist/tex/generic/pgf/pgf.revision.tex)
Package: pgfrcs 2023-01-15 v3.1.10 (3.1.10)
))
(c:/texlive/2023/texmf-dist/tex/latex/pgf/utilities/pgfkeys.sty
(c:/texlive/2023/texmf-dist/tex/generic/pgf/utilities/pgfkeys.code.tex
\pgfkeys@pathtoks=\toks19
\pgfkeys@temptoks=\toks20

(c:/texlive/2023/texmf-dist/tex/generic/pgf/utilities/pgfkeyslibraryfiltered.co
de.tex
\pgfkeys@tmptoks=\toks21
))) (c:/texlive/2023/texmf-dist/tex/generic/pgf/math/pgfmath.code.tex
(c:/texlive/2023/texmf-dist/tex/generic/pgf/math/pgfmathutil.code.tex
\pgf@x=\dimen166
\pgf@xa=\dimen167
\pgf@xb=\dimen168
\pgf@xc=\dimen169
\pgf@y=\dimen170
\pgf@ya=\dimen171
\pgf@yb=\dimen172
\pgf@yc=\dimen173
\c@pgf@counta=\count280
\c@pgf@countb=\count281
\c@pgf@countc=\count282
\c@pgf@countd=\count283
)
(c:/texlive/2023/texmf-dist/tex/generic/pgf/math/pgfmathparser.code.tex
\pgfmath@dimen=\dimen174
\pgfmath@count=\count284
\pgfmath@box=\box61
\pgfmath@toks=\toks22
\pgfmath@stack@operand=\toks23
\pgfmath@stack@operation=\toks24
)
(c:/texlive/2023/texmf-dist/tex/generic/pgf/math/pgfmathfunctions.code.tex)
(c:/texlive/2023/texmf-dist/tex/generic/pgf/math/pgfmathfunctions.basic.code.te
x)
(c:/texlive/2023/texmf-dist/tex/generic/pgf/math/pgfmathfunctions.trigonometric
.code.tex)
(c:/texlive/2023/texmf-dist/tex/generic/pgf/math/pgfmathfunctions.random.code.t
ex)
(c:/texlive/2023/texmf-dist/tex/generic/pgf/math/pgfmathfunctions.comparison.co
de.tex)
(c:/texlive/2023/texmf-dist/tex/generic/pgf/math/pgfmathfunctions.base.code.tex
)
(c:/texlive/2023/texmf-dist/tex/generic/pgf/math/pgfmathfunctions.round.code.te
x)
(c:/texlive/2023/texmf-dist/tex/generic/pgf/math/pgfmathfunctions.misc.code.tex
)
(c:/texlive/2023/texmf-dist/tex/generic/pgf/math/pgfmathfunctions.integerarithm
etics.code.tex)
(c:/texlive/2023/texmf-dist/tex/generic/pgf/math/pgfmathcalc.code.tex)
(c:/texlive/2023/texmf-dist/tex/generic/pgf/math/pgfmathfloat.code.tex
\c@pgfmathroundto@lastzeros=\count285
)))
(c:/texlive/2023/texmf-dist/tex/latex/base/size11.clo
File: size11.clo 2022/07/02 v1.4n Standard LaTeX file (size option)
)
(c:/texlive/2023/texmf-dist/tex/latex/pgf/basiclayer/pgfcore.sty
(c:/texlive/2023/texmf-dist/tex/latex/graphics/graphicx.sty
Package: graphicx 2021/09/16 v1.2d Enhanced LaTeX Graphics (DPC,SPQR)

(c:/texlive/2023/texmf-dist/tex/latex/graphics/graphics.sty
Package: graphics 2022/03/10 v1.4e Standard LaTeX Graphics (DPC,SPQR)

(c:/texlive/2023/texmf-dist/tex/latex/graphics/trig.sty
Package: trig 2021/08/11 v1.11 sin cos tan (DPC)
)
(c:/texlive/2023/texmf-dist/tex/latex/graphics-cfg/graphics.cfg
File: graphics.cfg 2016/06/04 v1.11 sample graphics configuration
)
Package graphics Info: Driver file: pdftex.def on input line 107.

(c:/texlive/2023/texmf-dist/tex/latex/graphics-def/pdftex.def
File: pdftex.def 2022/09/22 v1.2b Graphics/color driver for pdftex
))
\Gin@req@height=\dimen175
\Gin@req@width=\dimen176
)
(c:/texlive/2023/texmf-dist/tex/latex/pgf/systemlayer/pgfsys.sty
(c:/texlive/2023/texmf-dist/tex/generic/pgf/systemlayer/pgfsys.code.tex
Package: pgfsys 2023-01-15 v3.1.10 (3.1.10)
\pgf@x=\dimen177
\pgf@y=\dimen178
\pgf@xa=\dimen179
\pgf@ya=\dimen180
\pgf@xb=\dimen181
\pgf@yb=\dimen182
\pgf@xc=\dimen183
\pgf@yc=\dimen184
\pgf@xd=\dimen185
\pgf@yd=\dimen186
\w@pgf@writea=\write3
\r@pgf@reada=\read2
\c@pgf@counta=\count286
\c@pgf@countb=\count287
\c@pgf@countc=\count288
\c@pgf@countd=\count289
\t@pgf@toka=\toks25
\t@pgf@tokb=\toks26
\t@pgf@tokc=\toks27
\pgf@sys@id@count=\count290

(c:/texlive/2023/texmf-dist/tex/generic/pgf/systemlayer/pgf.cfg
File: pgf.cfg 2023-01-15 v3.1.10 (3.1.10)
)
Driver file for pgf: pgfsys-pdftex.def

(c:/texlive/2023/texmf-dist/tex/generic/pgf/systemlayer/pgfsys-pdftex.def
File: pgfsys-pdftex.def 2023-01-15 v3.1.10 (3.1.10)

(c:/texlive/2023/texmf-dist/tex/generic/pgf/systemlayer/pgfsys-common-pdf.def
File: pgfsys-common-pdf.def 2023-01-15 v3.1.10 (3.1.10)
)))
(c:/texlive/2023/texmf-dist/tex/generic/pgf/systemlayer/pgfsyssoftpath.code.tex
File: pgfsyssoftpath.code.tex 2023-01-15 v3.1.10 (3.1.10)
\pgfsyssoftpath@smallbuffer@items=\count291
\pgfsyssoftpath@bigbuffer@items=\count292
)
(c:/texlive/2023/texmf-dist/tex/generic/pgf/systemlayer/pgfsysprotocol.code.tex
File: pgfsysprotocol.code.tex 2023-01-15 v3.1.10 (3.1.10)
)) (c:/texlive/2023/texmf-dist/tex/latex/xcolor/xcolor.sty
Package: xcolor 2022/06/12 v2.14 LaTeX color extensions (UK)

(c:/texlive/2023/texmf-dist/tex/latex/graphics-cfg/color.cfg
File: color.cfg 2016/01/02 v1.6 sample color configuration
)
Package xcolor Info: Driver file: pdftex.def on input line 227.

(c:/texlive/2023/texmf-dist/tex/latex/graphics/mathcolor.ltx)
Package xcolor Info: Model `cmy' substituted by `cmy0' on input line 1353.
Package xcolor Info: Model `hsb' substituted by `rgb' on input line 1357.
Package xcolor Info: Model `RGB' extended on input line 1369.
Package xcolor Info: Model `HTML' substituted by `rgb' on input line 1371.
Package xcolor Info: Model `Hsb' substituted by `hsb' on input line 1372.
Package xcolor Info: Model `tHsb' substituted by `hsb' on input line 1373.
Package xcolor Info: Model `HSB' substituted by `hsb' on input line 1374.
Package xcolor Info: Model `Gray' substituted by `gray' on input line 1375.
Package xcolor Info: Model `wave' substituted by `hsb' on input line 1376.
)
(c:/texlive/2023/texmf-dist/tex/generic/pgf/basiclayer/pgfcore.code.tex
Package: pgfcore 2023-01-15 v3.1.10 (3.1.10)

(c:/texlive/2023/texmf-dist/tex/generic/pgf/math/pgfint.code.tex)
(c:/texlive/2023/texmf-dist/tex/generic/pgf/basiclayer/pgfcorepoints.code.tex
File: pgfcorepoints.code.tex 2023-01-15 v3.1.10 (3.1.10)
\pgf@picminx=\dimen187
\pgf@picmaxx=\dimen188
\pgf@picminy=\dimen189
\pgf@picmaxy=\dimen190
\pgf@pathminx=\dimen191
\pgf@pathmaxx=\dimen192
\pgf@pathminy=\dimen193
\pgf@pathmaxy=\dimen194
\pgf@xx=\dimen195
\pgf@xy=\dimen196
\pgf@yx=\dimen197
\pgf@yy=\dimen198
\pgf@zx=\dimen199
\pgf@zy=\dimen256
)
(c:/texlive/2023/texmf-dist/tex/generic/pgf/basiclayer/pgfcorepathconstruct.cod
e.tex
File: pgfcorepathconstruct.code.tex 2023-01-15 v3.1.10 (3.1.10)
\pgf@path@lastx=\dimen257
\pgf@path@lasty=\dimen258
)
(c:/texlive/2023/texmf-dist/tex/generic/pgf/basiclayer/pgfcorepathusage.code.te
x
File: pgfcorepathusage.code.tex 2023-01-15 v3.1.10 (3.1.10)
\pgf@shorten@end@additional=\dimen259
\pgf@shorten@start@additional=\dimen260
)
(c:/texlive/2023/texmf-dist/tex/generic/pgf/basiclayer/pgfcorescopes.code.tex
File: pgfcorescopes.code.tex 2023-01-15 v3.1.10 (3.1.10)
\pgfpic=\box62
\pgf@hbox=\box63
\pgf@layerbox@main=\box64
\pgf@picture@serial@count=\count293
)
(c:/texlive/2023/texmf-dist/tex/generic/pgf/basiclayer/pgfcoregraphicstate.code
.tex
File: pgfcoregraphicstate.code.tex 2023-01-15 v3.1.10 (3.1.10)
\pgflinewidth=\dimen261
)
(c:/texlive/2023/texmf-dist/tex/generic/pgf/basiclayer/pgfcoretransformations.c
ode.tex
File: pgfcoretransformations.code.tex 2023-01-15 v3.1.10 (3.1.10)
\pgf@pt@x=\dimen262
\pgf@pt@y=\dimen263
\pgf@pt@temp=\dimen264
)
(c:/texlive/2023/texmf-dist/tex/generic/pgf/basiclayer/pgfcorequick.code.tex
File: pgfcorequick.code.tex 2023-01-15 v3.1.10 (3.1.10)
)
(c:/texlive/2023/texmf-dist/tex/generic/pgf/basiclayer/pgfcoreobjects.code.tex
File: pgfcoreobjects.code.tex 2023-01-15 v3.1.10 (3.1.10)
)
(c:/texlive/2023/texmf-dist/tex/generic/pgf/basiclayer/pgfcorepathprocessing.co
de.tex
File: pgfcorepathprocessing.code.tex 2023-01-15 v3.1.10 (3.1.10)
)
(c:/texlive/2023/texmf-dist/tex/generic/pgf/basiclayer/pgfcorearrows.code.tex
File: pgfcorearrows.code.tex 2023-01-15 v3.1.10 (3.1.10)
\pgfarrowsep=\dimen265
)
(c:/texlive/2023/texmf-dist/tex/generic/pgf/basiclayer/pgfcoreshade.code.tex
File: pgfcoreshade.code.tex 2023-01-15 v3.1.10 (3.1.10)
\pgf@max=\dimen266
\pgf@sys@shading@range@num=\count294
\pgf@shadingcount=\count295
)
(c:/texlive/2023/texmf-dist/tex/generic/pgf/basiclayer/pgfcoreimage.code.tex
File: pgfcoreimage.code.tex 2023-01-15 v3.1.10 (3.1.10)
)
(c:/texlive/2023/texmf-dist/tex/generic/pgf/basiclayer/pgfcoreexternal.code.tex
File: pgfcoreexternal.code.tex 2023-01-15 v3.1.10 (3.1.10)
\pgfexternal@startupbox=\box65
) (c:/texlive/2023/texmf-dist/tex/generic/pgf/basiclayer/pgfcorelayers.code.tex
File: pgfcorelayers.code.tex 2023-01-15 v3.1.10 (3.1.10)
)
(c:/texlive/2023/texmf-dist/tex/generic/pgf/basiclayer/pgfcoretransparency.code
.tex
File: pgfcoretransparency.code.tex 2023-01-15 v3.1.10 (3.1.10)
)
(c:/texlive/2023/texmf-dist/tex/generic/pgf/basiclayer/pgfcorepatterns.code.tex
File: pgfcorepatterns.code.tex 2023-01-15 v3.1.10 (3.1.10)
) (c:/texlive/2023/texmf-dist/tex/generic/pgf/basiclayer/pgfcorerdf.code.tex
File: pgfcorerdf.code.tex 2023-01-15 v3.1.10 (3.1.10)
))) (c:/texlive/2023/texmf-dist/tex/latex/pgf/utilities/xxcolor.sty
Package: xxcolor 2003/10/24 ver 0.1
\XC@nummixins=\count296
\XC@countmixins=\count297
)
(c:/texlive/2023/texmf-dist/tex/latex/base/atbegshi-ltx.sty
Package: atbegshi-ltx 2021/01/10 v1.0c Emulation of the original atbegshi
package with kernel methods
)
(c:/texlive/2023/texmf-dist/tex/latex/hyperref/hyperref.sty
Package: hyperref 2023-02-07 v7.00v Hypertext links for LaTeX

(c:/texlive/2023/texmf-dist/tex/generic/ltxcmds/ltxcmds.sty
Package: ltxcmds 2020-05-10 v1.25 LaTeX kernel commands for general use (HO)
)
(c:/texlive/2023/texmf-dist/tex/generic/pdftexcmds/pdftexcmds.sty
Package: pdftexcmds 2020-06-27 v0.33 Utility functions of pdfTeX for LuaTeX (HO
)

(c:/texlive/2023/texmf-dist/tex/generic/infwarerr/infwarerr.sty
Package: infwarerr 2019/12/03 v1.5 Providing info/warning/error messages (HO)
)
Package pdftexcmds Info: \pdf@primitive is available.
Package pdftexcmds Info: \pdf@ifprimitive is available.
Package pdftexcmds Info: \pdfdraftmode found.
)
(c:/texlive/2023/texmf-dist/tex/latex/kvsetkeys/kvsetkeys.sty
Package: kvsetkeys 2022-10-05 v1.19 Key value parser (HO)
)
(c:/texlive/2023/texmf-dist/tex/generic/kvdefinekeys/kvdefinekeys.sty
Package: kvdefinekeys 2019-12-19 v1.6 Define keys (HO)
)
(c:/texlive/2023/texmf-dist/tex/generic/pdfescape/pdfescape.sty
Package: pdfescape 2019/12/09 v1.15 Implements pdfTeX's escape features (HO)
)
(c:/texlive/2023/texmf-dist/tex/latex/hycolor/hycolor.sty
Package: hycolor 2020-01-27 v1.10 Color options for hyperref/bookmark (HO)
)
(c:/texlive/2023/texmf-dist/tex/latex/letltxmacro/letltxmacro.sty
Package: letltxmacro 2019/12/03 v1.6 Let assignment for LaTeX macros (HO)
)
(c:/texlive/2023/texmf-dist/tex/latex/auxhook/auxhook.sty
Package: auxhook 2019-12-17 v1.6 Hooks for auxiliary files (HO)
)
(c:/texlive/2023/texmf-dist/tex/latex/hyperref/nameref.sty
Package: nameref 2022-05-17 v2.50 Cross-referencing by name of section

(c:/texlive/2023/texmf-dist/tex/latex/refcount/refcount.sty
Package: refcount 2019/12/15 v3.6 Data extraction from label references (HO)
)
(c:/texlive/2023/texmf-dist/tex/generic/gettitlestring/gettitlestring.sty
Package: gettitlestring 2019/12/15 v1.6 Cleanup title references (HO)

(c:/texlive/2023/texmf-dist/tex/latex/kvoptions/kvoptions.sty
Package: kvoptions 2022-06-15 v3.15 Key value format for package options (HO)
))
\c@section@level=\count298
)
\@linkdim=\dimen267
\Hy@linkcounter=\count299
\Hy@pagecounter=\count300

(c:/texlive/2023/texmf-dist/tex/latex/hyperref/pd1enc.def
File: pd1enc.def 2023-02-07 v7.00v Hyperref: PDFDocEncoding definition (HO)
Now handling font encoding PD1 ...
... no UTF-8 mapping file for font encoding PD1
)
(c:/texlive/2023/texmf-dist/tex/generic/intcalc/intcalc.sty
Package: intcalc 2019/12/15 v1.3 Expandable calculations with integers (HO)
)
(c:/texlive/2023/texmf-dist/tex/generic/etexcmds/etexcmds.sty
Package: etexcmds 2019/12/15 v1.7 Avoid name clashes with e-TeX commands (HO)
)
\Hy@SavedSpaceFactor=\count301

(c:/texlive/2023/texmf-dist/tex/latex/hyperref/puenc.def
File: puenc.def 2023-02-07 v7.00v Hyperref: PDF Unicode definition (HO)
Now handling font encoding PU ...
... no UTF-8 mapping file for font encoding PU
)
Package hyperref Info: Option `bookmarks' set `true' on input line 4060.
Package hyperref Info: Option `bookmarksopen' set `true' on input line 4060.
Package hyperref Info: Option `implicit' set `false' on input line 4060.
Package hyperref Info: Hyper figures OFF on input line 4177.
Package hyperref Info: Link nesting OFF on input line 4182.
Package hyperref Info: Hyper index ON on input line 4185.
Package hyperref Info: Plain pages OFF on input line 4192.
Package hyperref Info: Backreferencing OFF on input line 4197.
Package hyperref Info: Implicit mode OFF; no redefinition of LaTeX internals.
Package hyperref Info: Bookmarks ON on input line 4425.
\c@Hy@tempcnt=\count302

(c:/texlive/2023/texmf-dist/tex/latex/url/url.sty
\Urlmuskip=\muskip16
Package: url 2013/09/16  ver 3.4  Verb mode for urls, etc.
)
LaTeX Info: Redefining \url on input line 4763.
\XeTeXLinkMargin=\dimen268

(c:/texlive/2023/texmf-dist/tex/generic/bitset/bitset.sty
Package: bitset 2019/12/09 v1.3 Handle bit-vector datatype (HO)

(c:/texlive/2023/texmf-dist/tex/generic/bigintcalc/bigintcalc.sty
Package: bigintcalc 2019/12/15 v1.5 Expandable calculations on big integers (HO
)
))
\Fld@menulength=\count303
\Field@Width=\dimen269
\Fld@charsize=\dimen270
Package hyperref Info: Hyper figures OFF on input line 6042.
Package hyperref Info: Link nesting OFF on input line 6047.
Package hyperref Info: Hyper index ON on input line 6050.
Package hyperref Info: backreferencing OFF on input line 6057.
Package hyperref Info: Link coloring OFF on input line 6062.
Package hyperref Info: Link coloring with OCG OFF on input line 6067.
Package hyperref Info: PDF/A mode OFF on input line 6072.
\Hy@abspage=\count304


Package hyperref Message: Stopped early.

)
Package hyperref Info: Driver (autodetected): hpdftex.
 (c:/texlive/2023/texmf-dist/tex/latex/hyperref/hpdftex.def
File: hpdftex.def 2023-02-07 v7.00v Hyperref driver for pdfTeX

(c:/texlive/2023/texmf-dist/tex/latex/base/atveryend-ltx.sty
Package: atveryend-ltx 2020/08/19 v1.0a Emulation of the original atveryend pac
kage
with kernel methods
)
\Fld@listcount=\count305
\c@bookmark@seq@number=\count306

(c:/texlive/2023/texmf-dist/tex/latex/rerunfilecheck/rerunfilecheck.sty
Package: rerunfilecheck 2022-07-10 v1.10 Rerun checks for auxiliary files (HO)

(c:/texlive/2023/texmf-dist/tex/generic/uniquecounter/uniquecounter.sty
Package: uniquecounter 2019/12/15 v1.4 Provide unlimited unique counter (HO)
)
Package uniquecounter Info: New unique counter `rerunfilecheck' on input line 2
85.
))
(c:/texlive/2023/texmf-dist/tex/latex/beamer/beamerbaserequires.sty
(c:/texlive/2023/texmf-dist/tex/latex/beamer/beamerbasecompatibility.sty)
(c:/texlive/2023/texmf-dist/tex/latex/beamer/beamerbasefont.sty
(c:/texlive/2023/texmf-dist/tex/latex/amsfonts/amssymb.sty
Package: amssymb 2013/01/14 v3.01 AMS font symbols

(c:/texlive/2023/texmf-dist/tex/latex/amsfonts/amsfonts.sty
Package: amsfonts 2013/01/14 v3.01 Basic AMSFonts support
\@emptytoks=\toks28
\symAMSa=\mathgroup4
\symAMSb=\mathgroup5
LaTeX Font Info:    Redeclaring math symbol \hbar on input line 98.
LaTeX Font Info:    Overwriting math alphabet `\mathfrak' in version `bold'
(Font)                  U/euf/m/n --> U/euf/b/n on input line 106.
))
(c:/texlive/2023/texmf-dist/tex/latex/sansmathaccent/sansmathaccent.sty
Package: sansmathaccent 2020/01/31

(c:/texlive/2023/texmf-dist/tex/latex/koma-script/scrlfile.sty
Package: scrlfile 2022/10/12 v3.38 KOMA-Script package (file load hooks)

(c:/texlive/2023/texmf-dist/tex/latex/koma-script/scrlfile-hook.sty
Package: scrlfile-hook 2022/10/12 v3.38 KOMA-Script package (using LaTeX hooks)


(c:/texlive/2023/texmf-dist/tex/latex/koma-script/scrlogo.sty
Package: scrlogo 2022/10/12 v3.38 KOMA-Script package (logo)
)))))
(c:/texlive/2023/texmf-dist/tex/latex/beamer/beamerbasetranslator.sty
(c:/texlive/2023/texmf-dist/tex/latex/translator/translator.sty
Package: translator 2021-05-31 v1.12d Easy translation of strings in LaTeX
))
(c:/texlive/2023/texmf-dist/tex/latex/beamer/beamerbasemisc.sty)
(c:/texlive/2023/texmf-dist/tex/latex/beamer/beamerbasetwoscreens.sty)
(c:/texlive/2023/texmf-dist/tex/latex/beamer/beamerbaseoverlay.sty
\beamer@argscount=\count307
\beamer@lastskipcover=\skip51
\beamer@trivlistdepth=\count308
)
(c:/texlive/2023/texmf-dist/tex/latex/beamer/beamerbasetitle.sty)
(c:/texlive/2023/texmf-dist/tex/latex/beamer/beamerbasesection.sty
\c@lecture=\count309
\c@part=\count310
\c@section=\count311
\c@subsection=\count312
\c@subsubsection=\count313
)
(c:/texlive/2023/texmf-dist/tex/latex/beamer/beamerbaseframe.sty
\beamer@framebox=\box66
\beamer@frametitlebox=\box67
\beamer@zoombox=\box68
\beamer@zoomcount=\count314
\beamer@zoomframecount=\count315
\beamer@frametextheight=\dimen271
\c@subsectionslide=\count316
\beamer@frametopskip=\skip52
\beamer@framebottomskip=\skip53
\beamer@frametopskipautobreak=\skip54
\beamer@framebottomskipautobreak=\skip55
\beamer@envbody=\toks29
\framewidth=\dimen272
\c@framenumber=\count317
)
(c:/texlive/2023/texmf-dist/tex/latex/beamer/beamerbaseverbatim.sty
\beamer@verbatimfileout=\write4
)
(c:/texlive/2023/texmf-dist/tex/latex/beamer/beamerbaseframesize.sty
\beamer@splitbox=\box69
\beamer@autobreakcount=\count318
\beamer@autobreaklastheight=\dimen273
\beamer@frametitletoks=\toks30
\beamer@framesubtitletoks=\toks31
)
(c:/texlive/2023/texmf-dist/tex/latex/beamer/beamerbaseframecomponents.sty
\beamer@footins=\box70
)
(c:/texlive/2023/texmf-dist/tex/latex/beamer/beamerbasecolor.sty)
(c:/texlive/2023/texmf-dist/tex/latex/beamer/beamerbasenotes.sty
\beamer@frameboxcopy=\box71
)
(c:/texlive/2023/texmf-dist/tex/latex/beamer/beamerbasetoc.sty)
(c:/texlive/2023/texmf-dist/tex/latex/beamer/beamerbasetemplates.sty
\beamer@sbttoks=\toks32

(c:/texlive/2023/texmf-dist/tex/latex/beamer/beamerbaseauxtemplates.sty
(c:/texlive/2023/texmf-dist/tex/latex/beamer/beamerbaseboxes.sty
\bmb@box=\box72
\bmb@colorbox=\box73
\bmb@boxwidth=\dimen274
\bmb@boxheight=\dimen275
\bmb@prevheight=\dimen276
\bmb@temp=\dimen277
\bmb@dima=\dimen278
\bmb@dimb=\dimen279
\bmb@prevheight=\dimen280
)
\beamer@blockheadheight=\dimen281
))
(c:/texlive/2023/texmf-dist/tex/latex/beamer/beamerbaselocalstructure.sty
(c:/texlive/2023/texmf-dist/tex/latex/tools/enumerate.sty
Package: enumerate 2015/07/23 v3.00 enumerate extensions (DPC)
\@enLab=\toks33
)
\beamer@bibiconwidth=\skip56
\c@figure=\count319
\c@table=\count320
\abovecaptionskip=\skip57
\belowcaptionskip=\skip58
)
(c:/texlive/2023/texmf-dist/tex/latex/beamer/beamerbasenavigation.sty
(c:/texlive/2023/texmf-dist/tex/latex/beamer/beamerbasenavigationsymbols.tex)
\beamer@section@min@dim=\dimen282
)
(c:/texlive/2023/texmf-dist/tex/latex/beamer/beamerbasetheorems.sty
(c:/texlive/2023/texmf-dist/tex/latex/amsmath/amsmath.sty
Package: amsmath 2022/04/08 v2.17n AMS math features
\@mathmargin=\skip59

For additional information on amsmath, use the `?' option.
(c:/texlive/2023/texmf-dist/tex/latex/amsmath/amstext.sty
Package: amstext 2021/08/26 v2.01 AMS text

(c:/texlive/2023/texmf-dist/tex/latex/amsmath/amsgen.sty
File: amsgen.sty 1999/11/30 v2.0 generic functions
\@emptytoks=\toks34
\ex@=\dimen283
))
(c:/texlive/2023/texmf-dist/tex/latex/amsmath/amsbsy.sty
Package: amsbsy 1999/11/29 v1.2d Bold Symbols
\pmbraise@=\dimen284
)
(c:/texlive/2023/texmf-dist/tex/latex/amsmath/amsopn.sty
Package: amsopn 2022/04/08 v2.04 operator names
)
\inf@bad=\count321
LaTeX Info: Redefining \frac on input line 234.
\uproot@=\count322
\leftroot@=\count323
LaTeX Info: Redefining \overline on input line 399.
LaTeX Info: Redefining \colon on input line 410.
\classnum@=\count324
\DOTSCASE@=\count325
LaTeX Info: Redefining \ldots on input line 496.
LaTeX Info: Redefining \dots on input line 499.
LaTeX Info: Redefining \cdots on input line 620.
\Mathstrutbox@=\box74
\strutbox@=\box75
LaTeX Info: Redefining \big on input line 722.
LaTeX Info: Redefining \Big on input line 723.
LaTeX Info: Redefining \bigg on input line 724.
LaTeX Info: Redefining \Bigg on input line 725.
\big@size=\dimen285
LaTeX Font Info:    Redeclaring font encoding OML on input line 743.
LaTeX Font Info:    Redeclaring font encoding OMS on input line 744.
\macc@depth=\count326
LaTeX Info: Redefining \bmod on input line 905.
LaTeX Info: Redefining \pmod on input line 910.
LaTeX Info: Redefining \smash on input line 940.
LaTeX Info: Redefining \relbar on input line 970.
LaTeX Info: Redefining \Relbar on input line 971.
\c@MaxMatrixCols=\count327
\dotsspace@=\muskip17
\c@parentequation=\count328
\dspbrk@lvl=\count329
\tag@help=\toks35
\row@=\count330
\column@=\count331
\maxfields@=\count332
\andhelp@=\toks36
\eqnshift@=\dimen286
\alignsep@=\dimen287
\tagshift@=\dimen288
\tagwidth@=\dimen289
\totwidth@=\dimen290
\lineht@=\dimen291
\@envbody=\toks37
\multlinegap=\skip60
\multlinetaggap=\skip61
\mathdisplay@stack=\toks38
LaTeX Info: Redefining \[ on input line 2953.
LaTeX Info: Redefining \] on input line 2954.
)
(c:/texlive/2023/texmf-dist/tex/latex/amscls/amsthm.sty
Package: amsthm 2020/05/29 v2.20.6
\thm@style=\toks39
\thm@bodyfont=\toks40
\thm@headfont=\toks41
\thm@notefont=\toks42
\thm@headpunct=\toks43
\thm@preskip=\skip62
\thm@postskip=\skip63
\thm@headsep=\skip64
\dth@everypar=\toks44
)
\c@theorem=\count333
)
(c:/texlive/2023/texmf-dist/tex/latex/beamer/beamerbasethemes.sty))
(c:/texlive/2023/texmf-dist/tex/latex/beamer/beamerthemedefault.sty
(c:/texlive/2023/texmf-dist/tex/latex/beamer/beamerfontthemedefault.sty)
(c:/texlive/2023/texmf-dist/tex/latex/beamer/beamercolorthemedefault.sty)
(c:/texlive/2023/texmf-dist/tex/latex/beamer/beamerinnerthemedefault.sty
\beamer@dima=\dimen292
\beamer@dimb=\dimen293
)
(c:/texlive/2023/texmf-dist/tex/latex/beamer/beamerouterthemedefault.sty)))
(c:/texlive/2023/texmf-dist/tex/latex/beamer/beamerthemeAnnArbor.sty
(c:/texlive/2023/texmf-dist/tex/latex/beamer/beamerinnerthemerounded.sty)
(c:/texlive/2023/texmf-dist/tex/latex/beamer/beamerouterthemeinfolines.sty)
(c:/texlive/2023/texmf-dist/tex/latex/beamer/beamercolorthemewolverine.sty))
(c:/texlive/2023/texmf-dist/tex/latex/beamer/beamercolorthemeseahorse.sty)
(c:/texlive/2023/texmf-dist/tex/latex/adjustbox/adjustbox.sty
Package: adjustbox 2022/10/17 v1.3a Adjusting TeX boxes (trim, clip, ...)

(c:/texlive/2023/texmf-dist/tex/latex/xkeyval/xkeyval.sty
Package: xkeyval 2022/06/16 v2.9 package option processing (HA)

(c:/texlive/2023/texmf-dist/tex/generic/xkeyval/xkeyval.tex
(c:/texlive/2023/texmf-dist/tex/generic/xkeyval/xkvutils.tex
\XKV@toks=\toks45
\XKV@tempa@toks=\toks46
)
\XKV@depth=\count334
File: xkeyval.tex 2014/12/03 v2.7a key=value parser (HA)
))
(c:/texlive/2023/texmf-dist/tex/latex/adjustbox/adjcalc.sty
Package: adjcalc 2012/05/16 v1.1 Provides advanced setlength with multiple back
-ends (calc, etex, pgfmath)
)
(c:/texlive/2023/texmf-dist/tex/latex/adjustbox/trimclip.sty
Package: trimclip 2020/08/19 v1.2 Trim and clip general TeX material

(c:/texlive/2023/texmf-dist/tex/latex/collectbox/collectbox.sty
Package: collectbox 2022/10/17 v0.4c Collect macro arguments as boxes
\collectedbox=\box76
)
\tc@llx=\dimen294
\tc@lly=\dimen295
\tc@urx=\dimen296
\tc@ury=\dimen297
Package trimclip Info: Using driver 'tc-pdftex.def'.

(c:/texlive/2023/texmf-dist/tex/latex/adjustbox/tc-pdftex.def
File: tc-pdftex.def 2019/01/04 v2.2 Clipping driver for pdftex
))
\adjbox@Width=\dimen298
\adjbox@Height=\dimen299
\adjbox@Depth=\dimen300
\adjbox@Totalheight=\dimen301
\adjbox@pwidth=\dimen302
\adjbox@pheight=\dimen303
\adjbox@pdepth=\dimen304
\adjbox@ptotalheight=\dimen305

(c:/texlive/2023/texmf-dist/tex/latex/ifoddpage/ifoddpage.sty
Package: ifoddpage 2022/10/18 v1.2 Conditionals for odd/even page detection
\c@checkoddpage=\count335
)
(c:/texlive/2023/texmf-dist/tex/latex/varwidth/varwidth.sty
Package: varwidth 2009/03/30 ver 0.92;  Variable-width minipages
\@vwid@box=\box77
\sift@deathcycles=\count336
\@vwid@loff=\dimen306
\@vwid@roff=\dimen307
))
(c:/texlive/2023/texmf-dist/tex/latex/enumitem/enumitem.sty
Package: enumitem 2019/06/20 v3.9 Customized lists
\labelindent=\skip65
\enit@outerparindent=\dimen308
\enit@toks=\toks47
\enit@inbox=\box78
\enit@count@id=\count337
\enitdp@description=\count338
)
(c:/texlive/2023/texmf-dist/tex/latex/yhmath/yhmath.sty
Package: yhmath 2020/03/17 v1.6
\symyhlargesymbols=\mathgroup6
LaTeX Font Info:    Redeclaring math accent \widetilde on input line 29.
LaTeX Font Info:    Redeclaring math accent \widehat on input line 30.
LaTeX Font Info:    Redeclaring math symbol \braceld on input line 48.
LaTeX Font Info:    Redeclaring math symbol \bracerd on input line 49.
LaTeX Font Info:    Redeclaring math symbol \bracelu on input line 50.
LaTeX Font Info:    Redeclaring math symbol \braceru on input line 51.
LaTeX Font Info:    Redeclaring math delimiter \lmoustache on input line 53.
LaTeX Font Info:    Redeclaring math delimiter \rmoustache on input line 55.
LaTeX Font Info:    Redeclaring math delimiter \arrowvert on input line 57.
LaTeX Font Info:    Redeclaring math delimiter \Arrowvert on input line 59.
LaTeX Font Info:    Redeclaring math delimiter \Vert on input line 61.
LaTeX Font Info:    Redeclaring math delimiter \vert on input line 63.
LaTeX Font Info:    Redeclaring math delimiter \uparrow on input line 65.
LaTeX Font Info:    Redeclaring math delimiter \downarrow on input line 67.
LaTeX Font Info:    Redeclaring math delimiter \updownarrow on input line 69.
LaTeX Font Info:    Redeclaring math delimiter \Uparrow on input line 71.
LaTeX Font Info:    Redeclaring math delimiter \Downarrow on input line 73.
LaTeX Font Info:    Redeclaring math delimiter \Updownarrow on input line 75.
LaTeX Font Info:    Redeclaring math delimiter \backslash on input line 79.
LaTeX Font Info:    Redeclaring math delimiter \rangle on input line 81.
LaTeX Font Info:    Redeclaring math delimiter \langle on input line 83.
LaTeX Font Info:    Redeclaring math delimiter \rbrace on input line 85.
LaTeX Font Info:    Redeclaring math delimiter \lbrace on input line 87.
LaTeX Font Info:    Redeclaring math delimiter \rceil on input line 89.
LaTeX Font Info:    Redeclaring math delimiter \lceil on input line 91.
LaTeX Font Info:    Redeclaring math delimiter \rfloor on input line 93.
LaTeX Font Info:    Redeclaring math delimiter \lfloor on input line 95.
LaTeX Font Info:    Redeclaring math delimiter \lgroup on input line 97.
LaTeX Font Info:    Redeclaring math delimiter \rgroup on input line 99.
LaTeX Font Info:    Redeclaring math delimiter \bracevert on input line 101.
)
(c:/texlive/2023/texmf-dist/tex/latex/marvosym/marvosym.sty
Package: marvosym 2011/07/20 v2.2 Martin Vogel's Symbols font definitions
)
(c:/texlive/2023/texmf-dist/tex/latex/pgfplots/pgfplots.sty
(c:/texlive/2023/texmf-dist/tex/generic/pgfplots/pgfplots.revision.tex)
Package: pgfplots 2021/05/15 v1.18.1 Data Visualization (1.18.1)

(c:/texlive/2023/texmf-dist/tex/latex/pgf/frontendlayer/tikz.sty
(c:/texlive/2023/texmf-dist/tex/latex/pgf/basiclayer/pgf.sty
Package: pgf 2023-01-15 v3.1.10 (3.1.10)

(c:/texlive/2023/texmf-dist/tex/generic/pgf/modules/pgfmoduleshapes.code.tex
File: pgfmoduleshapes.code.tex 2023-01-15 v3.1.10 (3.1.10)
\pgfnodeparttextbox=\box79
)
(c:/texlive/2023/texmf-dist/tex/generic/pgf/modules/pgfmoduleplot.code.tex
File: pgfmoduleplot.code.tex 2023-01-15 v3.1.10 (3.1.10)
)
(c:/texlive/2023/texmf-dist/tex/latex/pgf/compatibility/pgfcomp-version-0-65.st
y
Package: pgfcomp-version-0-65 2023-01-15 v3.1.10 (3.1.10)
\pgf@nodesepstart=\dimen309
\pgf@nodesepend=\dimen310
)
(c:/texlive/2023/texmf-dist/tex/latex/pgf/compatibility/pgfcomp-version-1-18.st
y
Package: pgfcomp-version-1-18 2023-01-15 v3.1.10 (3.1.10)
)) (c:/texlive/2023/texmf-dist/tex/latex/pgf/utilities/pgffor.sty
(c:/texlive/2023/texmf-dist/tex/generic/pgf/utilities/pgffor.code.tex
Package: pgffor 2023-01-15 v3.1.10 (3.1.10)
\pgffor@iter=\dimen311
\pgffor@skip=\dimen312
\pgffor@stack=\toks48
\pgffor@toks=\toks49
))
(c:/texlive/2023/texmf-dist/tex/generic/pgf/frontendlayer/tikz/tikz.code.tex
Package: tikz 2023-01-15 v3.1.10 (3.1.10)

(c:/texlive/2023/texmf-dist/tex/generic/pgf/libraries/pgflibraryplothandlers.co
de.tex
File: pgflibraryplothandlers.code.tex 2023-01-15 v3.1.10 (3.1.10)
\pgf@plot@mark@count=\count339
\pgfplotmarksize=\dimen313
)
\tikz@lastx=\dimen314
\tikz@lasty=\dimen315
\tikz@lastxsaved=\dimen316
\tikz@lastysaved=\dimen317
\tikz@lastmovetox=\dimen318
\tikz@lastmovetoy=\dimen319
\tikzleveldistance=\dimen320
\tikzsiblingdistance=\dimen321
\tikz@figbox=\box80
\tikz@figbox@bg=\box81
\tikz@tempbox=\box82
\tikz@tempbox@bg=\box83
\tikztreelevel=\count340
\tikznumberofchildren=\count341
\tikznumberofcurrentchild=\count342
\tikz@fig@count=\count343

(c:/texlive/2023/texmf-dist/tex/generic/pgf/modules/pgfmodulematrix.code.tex
File: pgfmodulematrix.code.tex 2023-01-15 v3.1.10 (3.1.10)
\pgfmatrixcurrentrow=\count344
\pgfmatrixcurrentcolumn=\count345
\pgf@matrix@numberofcolumns=\count346
)
\tikz@expandcount=\count347

(c:/texlive/2023/texmf-dist/tex/generic/pgf/frontendlayer/tikz/libraries/tikzli
brarytopaths.code.tex
File: tikzlibrarytopaths.code.tex 2023-01-15 v3.1.10 (3.1.10)
)))
(c:/texlive/2023/texmf-dist/tex/generic/pgfplots/pgfplots.code.tex
(c:/texlive/2023/texmf-dist/tex/generic/pgfplots/pgfplotscore.code.tex
\t@pgfplots@toka=\toks50
\t@pgfplots@tokb=\toks51
\t@pgfplots@tokc=\toks52
\pgfplots@tmpa=\dimen322
\c@pgfplots@coordindex=\count348
\c@pgfplots@scanlineindex=\count349

(c:/texlive/2023/texmf-dist/tex/generic/pgfplots/sys/pgfplotssysgeneric.code.te
x))
(c:/texlive/2023/texmf-dist/tex/generic/pgfplots/libs/pgfplotslibrary.code.tex)

(c:/texlive/2023/texmf-dist/tex/generic/pgfplots/oldpgfcompatib/pgfplotsoldpgfs
upp_loader.code.tex
(c:/texlive/2023/texmf-dist/tex/generic/pgf/libraries/pgflibraryfpu.code.tex)
Package pgfplots: loading complementary utilities for your pgf version...
\t@pgf@toka=\toks53
\t@pgf@tokb=\toks54
\t@pgf@tokc=\toks55

(c:/texlive/2023/texmf-dist/tex/generic/pgfplots/oldpgfcompatib/pgfplotsoldpgfs
upp_pgfutil-common-lists.tex))
(c:/texlive/2023/texmf-dist/tex/generic/pgfplots/util/pgfplotsutil.code.tex
(c:/texlive/2023/texmf-dist/tex/generic/pgfplots/liststructure/pgfplotsliststru
cture.code.tex)
(c:/texlive/2023/texmf-dist/tex/generic/pgfplots/liststructure/pgfplotsliststru
ctureext.code.tex)
(c:/texlive/2023/texmf-dist/tex/generic/pgfplots/liststructure/pgfplotsarray.co
de.tex
\c@pgfplotsarray@tmp=\count350
)
(c:/texlive/2023/texmf-dist/tex/generic/pgfplots/liststructure/pgfplotsmatrix.c
ode.tex)
(c:/texlive/2023/texmf-dist/tex/generic/pgfplots/numtable/pgfplotstableshared.c
ode.tex
\c@pgfplotstable@counta=\count351
\t@pgfplotstable@a=\toks56
)
(c:/texlive/2023/texmf-dist/tex/generic/pgfplots/liststructure/pgfplotsdeque.co
de.tex)
(c:/texlive/2023/texmf-dist/tex/generic/pgfplots/util/pgfplotsbinary.code.tex
(c:/texlive/2023/texmf-dist/tex/generic/pgfplots/util/pgfplotsbinary.data.code.
tex))
(c:/texlive/2023/texmf-dist/tex/generic/pgfplots/util/pgfplotsutil.verb.code.te
x)
(c:/texlive/2023/texmf-dist/tex/generic/pgfplots/libs/pgflibrarypgfplots.surfsh
ading.code.tex
\c@pgfplotslibrarysurf@no=\count352

(c:/texlive/2023/texmf-dist/tex/generic/pgfplots/sys/pgflibrarypgfplots.surfsha
ding.pgfsys-pdftex.def)))
(c:/texlive/2023/texmf-dist/tex/generic/pgfplots/util/pgfplotscolormap.code.tex
(c:/texlive/2023/texmf-dist/tex/generic/pgfplots/util/pgfplotscolor.code.tex))
(c:/texlive/2023/texmf-dist/tex/generic/pgfplots/pgfplotsstackedplots.code.tex)
(c:/texlive/2023/texmf-dist/tex/generic/pgfplots/pgfplotsplothandlers.code.tex
(c:/texlive/2023/texmf-dist/tex/generic/pgfplots/pgfplotsmeshplothandler.code.t
ex
(c:/texlive/2023/texmf-dist/tex/generic/pgfplots/pgfplotsmeshplotimage.code.tex
))) (c:/texlive/2023/texmf-dist/tex/generic/pgfplots/pgfplots.scaling.code.tex)

(c:/texlive/2023/texmf-dist/tex/generic/pgfplots/pgfplotscoordprocessing.code.t
ex)
(c:/texlive/2023/texmf-dist/tex/generic/pgfplots/pgfplots.errorbars.code.tex)
(c:/texlive/2023/texmf-dist/tex/generic/pgfplots/pgfplots.markers.code.tex)
(c:/texlive/2023/texmf-dist/tex/generic/pgfplots/pgfplotsticks.code.tex)
(c:/texlive/2023/texmf-dist/tex/generic/pgfplots/pgfplots.paths.code.tex)
(c:/texlive/2023/texmf-dist/tex/generic/pgf/frontendlayer/tikz/libraries/tikzli
brarydecorations.code.tex
(c:/texlive/2023/texmf-dist/tex/generic/pgf/modules/pgfmoduledecorations.code.t
ex
\pgfdecoratedcompleteddistance=\dimen323
\pgfdecoratedremainingdistance=\dimen324
\pgfdecoratedinputsegmentcompleteddistance=\dimen325
\pgfdecoratedinputsegmentremainingdistance=\dimen326
\pgf@decorate@distancetomove=\dimen327
\pgf@decorate@repeatstate=\count353
\pgfdecorationsegmentamplitude=\dimen328
\pgfdecorationsegmentlength=\dimen329
)
\tikz@lib@dec@box=\box84
)
(c:/texlive/2023/texmf-dist/tex/generic/pgf/frontendlayer/tikz/libraries/tikzli
brarydecorations.pathmorphing.code.tex
(c:/texlive/2023/texmf-dist/tex/generic/pgf/libraries/decorations/pgflibrarydec
orations.pathmorphing.code.tex))
(c:/texlive/2023/texmf-dist/tex/generic/pgf/frontendlayer/tikz/libraries/tikzli
brarydecorations.pathreplacing.code.tex
(c:/texlive/2023/texmf-dist/tex/generic/pgf/libraries/decorations/pgflibrarydec
orations.pathreplacing.code.tex))
(c:/texlive/2023/texmf-dist/tex/generic/pgfplots/libs/tikzlibrarypgfplots.conto
urlua.code.tex)
\pgfplots@numplots=\count354
\pgfplots@xmin@reg=\dimen330
\pgfplots@xmax@reg=\dimen331
\pgfplots@ymin@reg=\dimen332
\pgfplots@ymax@reg=\dimen333
\pgfplots@zmin@reg=\dimen334
\pgfplots@zmax@reg=\dimen335
)
(c:/texlive/2023/texmf-dist/tex/generic/pgf/frontendlayer/tikz/libraries/tikzli
braryplotmarks.code.tex
File: tikzlibraryplotmarks.code.tex 2023-01-15 v3.1.10 (3.1.10)

(c:/texlive/2023/texmf-dist/tex/generic/pgf/libraries/pgflibraryplotmarks.code.
tex
File: pgflibraryplotmarks.code.tex 2023-01-15 v3.1.10 (3.1.10)
))) (c:/texlive/2023/texmf-dist/tex/latex/animate/animate.sty
Package: animate 2022/09/15 PDF & SVG animations from files and inline graphics


(c:/texlive/2023/texmf-dist/tex/latex/base/ifthen.sty
Package: ifthen 2022/04/13 v1.1d Standard LaTeX ifthen package (DPC)
)
(c:/texlive/2023/texmf-dist/tex/latex/oberdiek/ifdraft.sty
Package: ifdraft 2016/05/16 v1.4 Detect class options draft and final (HO)
)
(c:/texlive/2023/texmf-dist/tex/latex/tools/calc.sty
Package: calc 2017/05/25 v4.3 Infix arithmetic (KKT,FJ)
\calc@Acount=\count355
\calc@Bcount=\count356
\calc@Adimen=\dimen336
\calc@Bdimen=\dimen337
\calc@Askip=\skip66
\calc@Bskip=\skip67
LaTeX Info: Redefining \setlength on input line 80.
LaTeX Info: Redefining \addtolength on input line 81.
\calc@Ccount=\count357
\calc@Cskip=\skip68
)
(c:/texlive/2023/texmf-dist/tex/latex/media9/pdfbase.sty
Package: pdfbase 2022/08/04 v0.55 driver independent access to low-level PDF fe
atures

(c:/texlive/2023/texmf-dist/tex/latex/l3backend/l3backend-pdftex.def
File: l3backend-pdftex.def 2023-03-30 L3 backend support: PDF output (pdfTeX)
\l__color_backend_stack_int=\count358
\l__pdf_internal_box=\box85
)
\g_pbs_page_int=\count359
\g_pbs_oc_int=\count360
)
(c:/texlive/2023/texmf-dist/tex/latex/zref/zref-abspage.sty
Package: zref-abspage 2022-04-07 v2.34 Module abspage for zref (HO)

(c:/texlive/2023/texmf-dist/tex/latex/zref/zref-base.sty
Package: zref-base 2022-04-07 v2.34 Module base for zref (HO)
Package zref Info: New property list: main on input line 767.
Package zref Info: New property: default on input line 768.
Package zref Info: New property: page on input line 769.
)
\c@abspage=\count361
Package zref Info: New property: abspage on input line 65.
)
(c:/texlive/2023/texmf-dist/tex/latex/ocgx2/ocgbase.sty
Package: ocgbase 2022/08/04 v0.22 support package for ocgx2.sty
\g_ocgbase_nd_int=\count362
)
\@anim@box=\box86
\@anim@measbox=\box87
\@anim@tmpdima=\dimen338
\@anim@tmpdimb=\dimen339
\@anim@num=\count363
\@anim@curframe=\count364
\@anim@curframe@zb=\count365
\@anim@resizeflags=\count366
\@anim@skipfram=\count367
\@anim@mulframecnt=\count368
\@anim@@tmlnfile=\read3
\@anim@tmpcnt=\count369
\c@@anim@ltxcnt=\count370
\@anim@curlayer=\count371
\@anim@lineno=\count372
\@anim@curfield=\count373
\@anim@@resizeflags=\count374
)
(c:/texlive/2023/texmf-dist/tex/latex/cancel/cancel.sty
Package: cancel 2013/04/12 v2.2 Cancel math terms
)
(c:/texlive/2023/texmf-dist/tex/latex/jknapltx/mathrsfs.sty
Package: mathrsfs 1996/01/01 Math RSFS package v1.0 (jk)
\symrsfs=\mathgroup7
)
(c:/texlive/2023/texmf-dist/tex/latex/amsfonts/euscript.sty
Package: euscript 2009/06/22 v3.00 Euler Script fonts
LaTeX Font Info:    Overwriting math alphabet `\EuScript' in version `bold'
(Font)                  U/eus/m/n --> U/eus/b/n on input line 33.
)
(c:/texlive/2023/texmf-dist/tex/latex/mathtools/mathtools.sty
Package: mathtools 2022/06/29 v1.29 mathematical typesetting tools

(c:/texlive/2023/texmf-dist/tex/latex/mathtools/mhsetup.sty
Package: mhsetup 2021/03/18 v1.4 programming setup (MH)
)
\g_MT_multlinerow_int=\count375
\l_MT_multwidth_dim=\dimen340
\origjot=\skip69
\l_MT_shortvdotswithinadjustabove_dim=\dimen341
\l_MT_shortvdotswithinadjustbelow_dim=\dimen342
\l_MT_above_intertext_sep=\dimen343
\l_MT_below_intertext_sep=\dimen344
\l_MT_above_shortintertext_sep=\dimen345
\l_MT_below_shortintertext_sep=\dimen346
\xmathstrut@box=\box88
\xmathstrut@dim=\dimen347
)
(c:/texlive/2023/texmf-dist/tex/latex/subfig/subfig.sty
Package: subfig 2005/06/28 ver: 1.3 subfig package

(c:/texlive/2023/texmf-dist/tex/latex/caption/caption.sty
Package: caption 2023/03/12 v3.6j Customizing captions (AR)

(c:/texlive/2023/texmf-dist/tex/latex/caption/caption3.sty
Package: caption3 2023/03/12 v2.4 caption3 kernel (AR)
\caption@tempdima=\dimen348
\captionmargin=\dimen349
\caption@leftmargin=\dimen350
\caption@rightmargin=\dimen351
\caption@width=\dimen352
\caption@indent=\dimen353
\caption@parindent=\dimen354
\caption@hangindent=\dimen355
Package caption Info: beamer document class detected.

(c:/texlive/2023/texmf-dist/tex/latex/caption/caption-beamer.sto
File: caption-beamer.sto 2022/01/06 v2.0c Adaption of the caption package to th
e beamer document classes (AR)
))
\c@caption@flags=\count376
\c@continuedfloat=\count377
Package caption Info: hyperref package is loaded.
Package caption Info: Hyperref support is turned off
(caption)             because hyperref has stopped early.
)
\c@KVtest=\count378
\sf@farskip=\skip70
\sf@captopadj=\dimen356
\sf@capskip=\skip71
\sf@nearskip=\skip72
\c@subfigure=\count379
\c@subfigure@save=\count380
\c@depth=\count381
\c@subtable=\count382
\c@subtable@save=\count383
\sf@top=\skip73
\sf@bottom=\skip74
)
(c:/texlive/2023/texmf-dist/tex/latex/wrapfig/wrapfig.sty
\wrapoverhang=\dimen357
\WF@size=\dimen358
\c@WF@wrappedlines=\count384
\WF@box=\box89
\WF@everypar=\toks57
Package: wrapfig 2003/01/31  v 3.6
)
(c:/texlive/2023/texmf-dist/tex/latex/sidecap/sidecap.sty
Package: sidecap 2023/01/24 v1.7a SideCap Package (RN/HjG)
\SC@BOXWD=\dimen359
\SC@CAPWD=\dimen360
\SC@tempdima=\dimen361
\SC@tempdimb=\dimen362
\c@SC@C=\count385
\SC@BOX=\box90
)
(c:/texlive/2023/texmf-dist/tex/generic/babel/babel.sty
Package: babel 2023/03/28 3.87 The Babel package
\babel@savecnt=\count386
\U@D=\dimen363
\l@unhyphenated=\language87

(c:/texlive/2023/texmf-dist/tex/generic/babel/txtbabel.def)
\bbl@readstream=\read4
LaTeX Info: Redefining \textlatin on input line 4095.
\bbl@dirlevel=\count387

(c:/texlive/2023/texmf-dist/tex/generic/babel-spanish/spanish.ldf
Language: spanish.ldf 2021/05/27 v5.0q Spanish support from the babel system
\es@quottoks=\toks58
\es@quotdepth=\count388
Package babel Info: Making " an active character on input line 570.
Package babel Info: Making . an active character on input line 675.
Package babel Info: Making < an active character on input line 722.
Package babel Info: Making > an active character on input line 722.
))
(c:/texlive/2023/texmf-dist/tex/generic/babel/locale/es/babel-spanish.tex
Package babel Info: Importing font and identification data for spanish
(babel)             from babel-es.ini. Reported on input line 11.
)
(c:/texlive/2023/texmf-dist/tex/latex/tcolorbox/tcolorbox.sty
Package: tcolorbox 2023/03/17 version 6.0.3 text color boxes

(c:/texlive/2023/texmf-dist/tex/latex/tools/verbatim.sty
Package: verbatim 2022-07-02 v1.5u LaTeX2e package for verbatim enhancements
\every@verbatim=\toks59
\verbatim@line=\toks60
\verbatim@in@stream=\read5
)
(c:/texlive/2023/texmf-dist/tex/latex/environ/environ.sty
Package: environ 2014/05/04 v0.3 A new way to define environments

(c:/texlive/2023/texmf-dist/tex/latex/trimspaces/trimspaces.sty
Package: trimspaces 2009/09/17 v1.1 Trim spaces around a token list
))
\tcb@titlebox=\box91
\tcb@upperbox=\box92
\tcb@lowerbox=\box93
\tcb@phantombox=\box94
\c@tcbbreakpart=\count389
\c@tcblayer=\count390
\c@tcolorbox@number=\count391
\tcb@temp=\box95
\tcb@temp=\box96
\tcb@temp=\box97
\tcb@temp=\box98
)
(c:/texlive/2023/texmf-dist/tex/generic/xypic/xy.sty
(c:/texlive/2023/texmf-dist/tex/generic/xypic/xy.tex Bootstrap'ing: catcodes,
docmode, (c:/texlive/2023/texmf-dist/tex/generic/xypic/xyrecat.tex)
(c:/texlive/2023/texmf-dist/tex/generic/xypic/xyidioms.tex)

 Xy-pic version 3.8.9 <2013/10/06>
 Copyright (c) 1991-2013 by Kristoffer H. Rose <krisrose@tug.org> and others
 Xy-pic is free software: see the User's Guide for details.

Loading kernel: messages; fonts; allocations: state,
\X@c=\dimen364
\Y@c=\dimen365
\U@c=\dimen366
\D@c=\dimen367
\L@c=\dimen368
\R@c=\dimen369
\Edge@c=\toks61
\X@p=\dimen370
\Y@p=\dimen371
\U@p=\dimen372
\D@p=\dimen373
\L@p=\dimen374
\R@p=\dimen375
\Edge@p=\toks62
\X@origin=\dimen376
\Y@origin=\dimen377
\X@xbase=\dimen378
\Y@xbase=\dimen379
\X@ybase=\dimen380
\Y@ybase=\dimen381
\X@min=\dimen382
\Y@min=\dimen383
\X@max=\dimen384
\Y@max=\dimen385
\lastobjectbox@=\box99
\zerodotbox@=\box100
\almostz@=\dimen386
 direction,
\d@X=\dimen387
\d@Y=\dimen388
\K@=\count392
\KK@=\count393
\Direction=\count394
\K@dXdY=\dimen389
\K@dYdX=\dimen390
\xyread@=\read6
\xywrite@=\write5
\csp@=\count395
\quotPTK@=\dimen391

utility macros; pictures: \xy, positions,
\swaptoks@@=\toks63
\connectobjectbox@@=\box101
 objects,
\styletoks@=\toks64
 decorations;
kernel objects: directionals, circles, text; options; algorithms: directions,
edges, connections;  Xy-pic loaded)
(c:/texlive/2023/texmf-dist/tex/generic/iftex/ifpdf.sty
Package: ifpdf 2019/10/25 v3.4 ifpdf legacy package. Use iftex instead.
)
Package: xy 2013/10/06 Xy-pic version 3.8.9

(c:/texlive/2023/texmf-dist/tex/generic/xypic/xyall.tex
 Xy-pic option: All features v.3.8
(c:/texlive/2023/texmf-dist/tex/generic/xypic/xycurve.tex
 Xy-pic option: Curve and Spline extension v.3.12 curve,
\crv@cnt@=\count396
\crvpts@=\toks65
\splinebox@=\box102
\splineval@=\dimen392
\splinedepth@=\dimen393
\splinetol@=\dimen394
\splinelength@=\dimen395
 circles,
\L@=\dimen396
 loaded)
(c:/texlive/2023/texmf-dist/tex/generic/xypic/xyframe.tex
 Xy-pic option: Frame and Bracket extension v.3.14 loaded)
(c:/texlive/2023/texmf-dist/tex/generic/xypic/xycmtip.tex
 Xy-pic option: Computer Modern tip extension v.3.7
(c:/texlive/2023/texmf-dist/tex/generic/xypic/xytips.tex
 Xy-pic option: More Tips extension v.3.11 loaded) loaded)
(c:/texlive/2023/texmf-dist/tex/generic/xypic/xyline.tex
 Xy-pic option: Line styles extension v.3.10
\xylinethick@=\dimen397
 loaded)
(c:/texlive/2023/texmf-dist/tex/generic/xypic/xyrotate.tex
 Xy-pic option: Rotate and Scale extension v.3.8 loaded)
(c:/texlive/2023/texmf-dist/tex/generic/xypic/xycolor.tex
 Xy-pic option: Colour extension v.3.11 loaded)
(c:/texlive/2023/texmf-dist/tex/generic/xypic/xymatrix.tex
 Xy-pic option: Matrix feature v.3.14
\Row=\count397
\Col=\count398
\queue@=\toks66
\queue@@=\toks67
\qcount@=\count399
\qcount@@=\count400
\matrixsize@=\count401
 loaded)
(c:/texlive/2023/texmf-dist/tex/generic/xypic/xyarrow.tex
 Xy-pic option: Arrow and Path feature v.3.9 path, \ar, loaded)
(c:/texlive/2023/texmf-dist/tex/generic/xypic/xygraph.tex
 Xy-pic option: Graph feature v.3.11 loaded) loaded)
(c:/texlive/2023/texmf-dist/tex/generic/xypic/xypdf.tex
 Xy-pic option: PDF driver v.1.7 Xy-pic pdf driver: `color' extension support
(c:/texlive/2023/texmf-dist/tex/generic/xypic/xypdf-co.tex loaded)
Xy-pic pdf driver: `curve' extension support
(c:/texlive/2023/texmf-dist/tex/generic/xypic/xypdf-cu.tex loaded)
Xy-pic pdf driver: `frame' extension support
(c:/texlive/2023/texmf-dist/tex/generic/xypic/xypdf-fr.tex loaded)
Xy-pic pdf driver: `line' extension support
(c:/texlive/2023/texmf-dist/tex/generic/xypic/xypdf-li.tex loaded)
Xy-pic pdf driver: `rotate' extension support
(c:/texlive/2023/texmf-dist/tex/generic/xypic/xypdf-ro.tex loaded) loaded))
(c:/texlive/2023/texmf-dist/tex/latex/base/inputenc.sty
Package: inputenc 2021/02/14 v1.3d Input encoding file
\inpenc@prehook=\toks68
\inpenc@posthook=\toks69
)
(c:/texlive/2023/texmf-dist/tex/latex/tools/tabularx.sty
Package: tabularx 2020/01/15 v2.11c `tabularx' package (DPC)

(c:/texlive/2023/texmf-dist/tex/latex/tools/array.sty
Package: array 2022/09/04 v2.5g Tabular extension package (FMi)
\col@sep=\dimen398
\ar@mcellbox=\box103
\extrarowheight=\dimen399
\NC@list=\toks70
\extratabsurround=\skip75
\backup@length=\skip76
\ar@cellbox=\box104
)
\TX@col@width=\dimen400
\TX@old@table=\dimen401
\TX@old@col=\dimen402
\TX@target=\dimen403
\TX@delta=\dimen404
\TX@cols=\count402
\TX@ftn=\toks71
)
(c:/texlive/2023/texmf-dist/tex/latex/changepage/changepage.sty
Package: changepage 2009/10/20 v1.0c check page and change page layout
\c@cp@cntr=\count403
\cp@tempcnt=\count404
LaTeX Info: Redefining \checkoddpage on input line 59.
)
(c:/texlive/2023/texmf-dist/tex/latex/tcolorbox/tcbtheorems.code.tex
Library (tcolorbox): 'tcbtheorems.code.tex' version '6.0.3'
) (C:/Users/Equipo/PycharmProjects/PRES-ELMO-P4/out/main.aux
LaTeX Info: Redefining \. on input line 27.
LaTeX Info: Redefining \% on input line 27.


LaTeX Warning: Label `fig:my_label' multiply defined.


LaTeX Warning: Label `fig:my_label' multiply defined.


LaTeX Warning: Label `fig:my_label' multiply defined.


LaTeX Warning: Label `fig:my_label' multiply defined.

)
\openout1 = `main.aux'.

LaTeX Font Info:    Checking defaults for OML/cmm/m/it on input line 58.
LaTeX Font Info:    ... okay on input line 58.
LaTeX Font Info:    Checking defaults for OMS/cmsy/m/n on input line 58.
LaTeX Font Info:    ... okay on input line 58.
LaTeX Font Info:    Checking defaults for OT1/cmr/m/n on input line 58.
LaTeX Font Info:    ... okay on input line 58.
LaTeX Font Info:    Checking defaults for T1/cmr/m/n on input line 58.
LaTeX Font Info:    ... okay on input line 58.
LaTeX Font Info:    Checking defaults for TS1/cmr/m/n on input line 58.
LaTeX Font Info:    ... okay on input line 58.
LaTeX Font Info:    Checking defaults for OMX/cmex/m/n on input line 58.
LaTeX Font Info:    ... okay on input line 58.
LaTeX Font Info:    Checking defaults for U/cmr/m/n on input line 58.
LaTeX Font Info:    ... okay on input line 58.
LaTeX Font Info:    Checking defaults for PD1/pdf/m/n on input line 58.
LaTeX Font Info:    ... okay on input line 58.
LaTeX Font Info:    Checking defaults for PU/pdf/m/n on input line 58.
LaTeX Font Info:    ... okay on input line 58.

*geometry* driver: auto-detecting
*geometry* detected driver: pdftex
*geometry* verbose mode - [ preamble ] result:
* driver: pdftex
* paper: custom
* layout: <same size as paper>
* layoutoffset:(h,v)=(0.0pt,0.0pt)
* modes: includehead includefoot 
* h-part:(L,W,R)=(10.95003pt, 342.2953pt, 10.95003pt)
* v-part:(T,H,B)=(0.0pt, 273.14662pt, 0.0pt)
* \paperwidth=364.19536pt
* \paperheight=273.14662pt
* \textwidth=342.2953pt
* \textheight=244.6939pt
* \oddsidemargin=-61.31996pt
* \evensidemargin=-61.31996pt
* \topmargin=-72.26999pt
* \headheight=14.22636pt
* \headsep=0.0pt
* \topskip=11.0pt
* \footskip=14.22636pt
* \marginparwidth=4.0pt
* \marginparsep=10.0pt
* \columnsep=10.0pt
* \skip\footins=10.0pt plus 4.0pt minus 2.0pt
* \hoffset=0.0pt
* \voffset=0.0pt
* \mag=1000
* \@twocolumnfalse
* \@twosidefalse
* \@mparswitchfalse
* \@reversemarginfalse
* (1in=72.27pt=25.4mm, 1cm=28.453pt)

(c:/texlive/2023/texmf-dist/tex/context/base/mkii/supp-pdf.mkii
[Loading MPS to PDF converter (version 2006.09.02).]
\scratchcounter=\count405
\scratchdimen=\dimen405
\scratchbox=\box105
\nofMPsegments=\count406
\nofMParguments=\count407
\everyMPshowfont=\toks72
\MPscratchCnt=\count408
\MPscratchDim=\dimen406
\MPnumerator=\count409
\makeMPintoPDFobject=\count410
\everyMPtoPDFconversion=\toks73
) (c:/texlive/2023/texmf-dist/tex/latex/epstopdf-pkg/epstopdf-base.sty
Package: epstopdf-base 2020-01-24 v2.11 Base part for package epstopdf
Package epstopdf-base Info: Redefining graphics rule for `.eps' on input line 4
85.

(c:/texlive/2023/texmf-dist/tex/latex/latexconfig/epstopdf-sys.cfg
File: epstopdf-sys.cfg 2010/07/13 v1.3 Configuration of (r)epstopdf for TeX Liv
e
))
Package hyperref Info: Link coloring OFF on input line 58.

(C:/Users/Equipo/PycharmProjects/PRES-ELMO-P4/out/main.out)
(C:/Users/Equipo/PycharmProjects/PRES-ELMO-P4/out/main.out)
\@outlinefile=\write6
\openout6 = `main.out'.

LaTeX Font Info:    Overwriting symbol font `operators' in version `normal'
(Font)                  OT1/cmr/m/n --> OT1/cmss/m/n on input line 58.
LaTeX Font Info:    Overwriting symbol font `operators' in version `bold'
(Font)                  OT1/cmr/bx/n --> OT1/cmss/b/n on input line 58.
\symnumbers=\mathgroup8
\sympureletters=\mathgroup9
LaTeX Font Info:    Overwriting math alphabet `\mathrm' in version `normal'
(Font)                  OT1/cmss/m/n --> OT1/cmr/m/n on input line 58.
LaTeX Font Info:    Redeclaring math alphabet \mathbf on input line 58.
LaTeX Font Info:    Overwriting math alphabet `\mathbf' in version `normal'
(Font)                  OT1/cmr/bx/n --> OT1/cmss/b/n on input line 58.
LaTeX Font Info:    Overwriting math alphabet `\mathbf' in version `bold'
(Font)                  OT1/cmr/bx/n --> OT1/cmss/b/n on input line 58.
LaTeX Font Info:    Redeclaring math alphabet \mathsf on input line 58.
LaTeX Font Info:    Overwriting math alphabet `\mathsf' in version `normal'
(Font)                  OT1/cmss/m/n --> OT1/cmss/m/n on input line 58.
LaTeX Font Info:    Overwriting math alphabet `\mathsf' in version `bold'
(Font)                  OT1/cmss/bx/n --> OT1/cmss/m/n on input line 58.
LaTeX Font Info:    Redeclaring math alphabet \mathit on input line 58.
LaTeX Font Info:    Overwriting math alphabet `\mathit' in version `normal'
(Font)                  OT1/cmr/m/it --> OT1/cmss/m/it on input line 58.
LaTeX Font Info:    Overwriting math alphabet `\mathit' in version `bold'
(Font)                  OT1/cmr/bx/it --> OT1/cmss/m/it on input line 58.
LaTeX Font Info:    Redeclaring math alphabet \mathtt on input line 58.
LaTeX Font Info:    Overwriting math alphabet `\mathtt' in version `normal'
(Font)                  OT1/cmtt/m/n --> OT1/cmtt/m/n on input line 58.
LaTeX Font Info:    Overwriting math alphabet `\mathtt' in version `bold'
(Font)                  OT1/cmtt/m/n --> OT1/cmtt/m/n on input line 58.
LaTeX Font Info:    Overwriting symbol font `numbers' in version `bold'
(Font)                  OT1/cmss/m/n --> OT1/cmss/b/n on input line 58.
LaTeX Font Info:    Overwriting symbol font `pureletters' in version `bold'
(Font)                  OT1/cmss/m/it --> OT1/cmss/b/it on input line 58.
LaTeX Font Info:    Overwriting math alphabet `\mathrm' in version `bold'
(Font)                  OT1/cmss/b/n --> OT1/cmr/b/n on input line 58.
LaTeX Font Info:    Overwriting math alphabet `\mathbf' in version `bold'
(Font)                  OT1/cmss/b/n --> OT1/cmss/b/n on input line 58.
LaTeX Font Info:    Overwriting math alphabet `\mathsf' in version `bold'
(Font)                  OT1/cmss/m/n --> OT1/cmss/b/n on input line 58.
LaTeX Font Info:    Overwriting math alphabet `\mathit' in version `bold'
(Font)                  OT1/cmss/m/it --> OT1/cmss/b/it on input line 58.
LaTeX Font Info:    Overwriting math alphabet `\mathtt' in version `bold'
(Font)                  OT1/cmtt/m/n --> OT1/cmtt/b/n on input line 58.
LaTeX Font Info:    Redeclaring symbol font `pureletters' on input line 58.
LaTeX Font Info:    Overwriting symbol font `pureletters' in version `normal'
(Font)                  OT1/cmss/m/it --> OT1/mathkerncmss/m/sl on input line 5
8.
LaTeX Font Info:    Overwriting symbol font `pureletters' in version `bold'
(Font)                  OT1/cmss/b/it --> OT1/mathkerncmss/m/sl on input line 5
8.
LaTeX Font Info:    Overwriting symbol font `pureletters' in version `bold'
(Font)                  OT1/mathkerncmss/m/sl --> OT1/mathkerncmss/bx/sl on inp
ut line 58.

(c:/texlive/2023/texmf-dist/tex/latex/translator/translator-basic-dictionary-En
glish.dict
Dictionary: translator-basic-dictionary, Language: English 
)
(c:/texlive/2023/texmf-dist/tex/latex/translator/translator-bibliography-dictio
nary-English.dict
Dictionary: translator-bibliography-dictionary, Language: English 
)
(c:/texlive/2023/texmf-dist/tex/latex/translator/translator-environment-diction
ary-English.dict
Dictionary: translator-environment-dictionary, Language: English 
)
(c:/texlive/2023/texmf-dist/tex/latex/translator/translator-months-dictionary-E
nglish.dict
Dictionary: translator-months-dictionary, Language: English 
)
(c:/texlive/2023/texmf-dist/tex/latex/translator/translator-numbers-dictionary-
English.dict
Dictionary: translator-numbers-dictionary, Language: English 
)
(c:/texlive/2023/texmf-dist/tex/latex/translator/translator-theorem-dictionary-
English.dict
Dictionary: translator-theorem-dictionary, Language: English 
)

Package pgfplots Warning: running in backwards compatibility mode (unsuitable t
ick labels; missing features). Consider writing \pgfplotsset{compat=1.18} into 
your preamble.
 on input line 58.

Package caption Info: Begin \AtBeginDocument code.
Package caption Info: subfig package v1.3 is loaded.
Package caption Info: changepage package is loaded.
\caption@adjustwidth@hsize=\dimen407
\caption@adjustwidth@linewidth=\dimen408
Package caption Info: sidecap package is loaded.
Package caption Info: wrapfig package is loaded.
Package caption Info: End \AtBeginDocument code.
(c:/texlive/2023/texmf-dist/tex/latex/ragged2e/ragged2e.sty
Package: ragged2e 2023/04/04 v3.5 ragged2e Package
\CenteringLeftskip=\skip77
\RaggedLeftLeftskip=\skip78
\RaggedRightLeftskip=\skip79
\CenteringRightskip=\skip80
\RaggedLeftRightskip=\skip81
\RaggedRightRightskip=\skip82
\CenteringParfillskip=\skip83
\RaggedLeftParfillskip=\skip84
\RaggedRightParfillskip=\skip85
\JustifyingParfillskip=\skip86
\CenteringParindent=\skip87
\RaggedLeftParindent=\skip88
\RaggedRightParindent=\skip89
\JustifyingParindent=\skip90
)
LaTeX Info: Redefining \. on input line 58.
LaTeX Info: Redefining \% on input line 58.
LaTeX Font Info:    Trying to load font information for U+msa on input line 58.


(c:/texlive/2023/texmf-dist/tex/latex/amsfonts/umsa.fd
File: umsa.fd 2013/01/14 v3.01 AMS symbols A
)
LaTeX Font Info:    Trying to load font information for U+msb on input line 58.


(c:/texlive/2023/texmf-dist/tex/latex/amsfonts/umsb.fd
File: umsb.fd 2013/01/14 v3.01 AMS symbols B
)
LaTeX Font Info:    Trying to load font information for OMX+yhex on input line 
58.

(c:/texlive/2023/texmf-dist/tex/latex/yhmath/OMXyhex.fd
File: OMXyhex.fd 
File: OMXyhex.fd 2013/07/03 v1.1 YH's humble contribution to TeX maths (NP)
)
LaTeX Font Info:    Trying to load font information for U+rsfs on input line 58
.

(c:/texlive/2023/texmf-dist/tex/latex/jknapltx/ursfs.fd
File: ursfs.fd 1998/03/24 rsfs font definition file (jk)
)
LaTeX Font Info:    Trying to load font information for OT1+mathkerncmss on inp
ut line 58.

(c:/texlive/2023/texmf-dist/tex/latex/sansmathaccent/ot1mathkerncmss.fd
File: ot1mathkerncmss.fd 2020/01/31 Fontinst v1.933 font definitions for OT1/ma
thkerncmss.
)
Package xypdf Info: Line width: 0.43799pt on input line 58.

(C:/Users/Equipo/PycharmProjects/PRES-ELMO-P4/out/main.nav)
Overfull \hbox (9.84457pt too wide) in paragraph at lines 58--58
 [][]  
 []


Overfull \hbox (87.5976pt too wide) in paragraph at lines 58--58
 [][][][]  
 []


Overfull \hbox (9.84457pt too wide) has occurred while \output is active
 [][]  
 []


Overfull \hbox (88.30594pt too wide) has occurred while \output is active
 [][][][]  
 []

[1

{c:/texlive/2023/texmf-var/fonts/map/pdftex/updmap/pdftex.map}]
Overfull \hbox (9.84457pt too wide) has occurred while \output is active
 [][]  
 []


Overfull \hbox (88.30594pt too wide) has occurred while \output is active
 [][][][]  
 []

[2

]
Overfull \hbox (9.84457pt too wide) has occurred while \output is active
 [][]  
 []


Overfull \hbox (88.30594pt too wide) has occurred while \output is active
 [][][][]  
 []

[3

]
Overfull \hbox (9.84457pt too wide) has occurred while \output is active
 [][]  
 []


Overfull \hbox (88.30594pt too wide) has occurred while \output is active
 [][][][]  
 []

[4

]
<imagen_2023-04-16_100309859.png, id=141, 599.23875pt x 644.4075pt>
File: imagen_2023-04-16_100309859.png Graphic file (type png)
<use imagen_2023-04-16_100309859.png>
Package pdftex.def Info: imagen_2023-04-16_100309859.png  used on input line 10
9.
(pdftex.def)             Requested size: 59.92738pt x 64.44452pt.

Overfull \hbox (9.84457pt too wide) has occurred while \output is active
 [][]  
 []


Overfull \hbox (88.30594pt too wide) has occurred while \output is active
 [][][][]  
 []

[5

 <./imagen_2023-04-16_100309859.png (PNG copy)>]
File: imagen_2023-04-16_100309859.png Graphic file (type png)
<use imagen_2023-04-16_100309859.png>
Package pdftex.def Info: imagen_2023-04-16_100309859.png  used on input line 10
9.
(pdftex.def)             Requested size: 59.92738pt x 64.44452pt.

Overfull \hbox (9.84457pt too wide) has occurred while \output is active
 [][]  
 []


Overfull \hbox (88.30594pt too wide) has occurred while \output is active
 [][][][]  
 []

[6

]
Overfull \hbox (9.32025pt too wide) detected at line 120
[]
 []


Overfull \hbox (9.84457pt too wide) has occurred while \output is active
 [][]  
 []


Overfull \hbox (88.30594pt too wide) has occurred while \output is active
 [][][][]  
 []

[7

]
Overfull \hbox (9.32025pt too wide) detected at line 120
[]
 []


Overfull \hbox (9.84457pt too wide) has occurred while \output is active
 [][]  
 []


Overfull \hbox (88.30594pt too wide) has occurred while \output is active
 [][][][]  
 []

[8

]
LaTeX Font Info:    Trying to load font information for TS1+cmss on input line 
136.
 (c:/texlive/2023/texmf-dist/tex/latex/base/ts1cmss.fd
File: ts1cmss.fd 2022/07/10 v2.5l Standard LaTeX font definitions
)
Overfull \hbox (9.84457pt too wide) has occurred while \output is active
 [][]  
 []


Overfull \hbox (88.30594pt too wide) has occurred while \output is active
 [][][][]  
 []

[9

{c:/texlive/2023/texmf-dist/fonts/enc/dvips/cm-super/cm-super-ts1.enc}]
Overfull \hbox (9.84457pt too wide) has occurred while \output is active
 [][]  
 []


Overfull \hbox (88.30594pt too wide) has occurred while \output is active
 [][][][]  
 []

[10

]
Overfull \hbox (9.84457pt too wide) has occurred while \output is active
 [][]  
 []


Overfull \hbox (88.30594pt too wide) has occurred while \output is active
 [][][][]  
 []

[11

]
Overfull \hbox (9.84457pt too wide) has occurred while \output is active
 [][]  
 []


Overfull \hbox (88.30594pt too wide) has occurred while \output is active
 [][][][]  
 []

[12

]
<gif1/gif1-0.png, id=396, 412.54124pt x 373.395pt>
File: gif1/gif1-0.png Graphic file (type png)
<use gif1/gif1-0.png>
Package pdftex.def Info: gif1/gif1-0.png  used on input line 150.
(pdftex.def)             Requested size: 412.54024pt x 373.39409pt.
 <./gif1/gif1-0.png> <a0,fr0>
<gif1/gif1-1.png, id=400, 412.54124pt x 373.395pt>
File: gif1/gif1-1.png Graphic file (type png)
<use gif1/gif1-1.png>
Package pdftex.def Info: gif1/gif1-1.png  used on input line 150.
(pdftex.def)             Requested size: 412.54024pt x 373.39409pt.
 <./gif1/gif1-1.png> <a0,fr1> <a0,fr2>
<a0,fr3> <a0,fr4> <a0,fr5>
<gif1/gif1-6.png, id=404, 412.54124pt x 373.395pt>
File: gif1/gif1-6.png Graphic file (type png)
<use gif1/gif1-6.png>
Package pdftex.def Info: gif1/gif1-6.png  used on input line 150.
(pdftex.def)             Requested size: 412.54024pt x 373.39409pt.
 <./gif1/gif1-6.png> <a0,fr6>
<gif1/gif1-7.png, id=408, 412.54124pt x 373.395pt>
File: gif1/gif1-7.png Graphic file (type png)
<use gif1/gif1-7.png>
Package pdftex.def Info: gif1/gif1-7.png  used on input line 150.
(pdftex.def)             Requested size: 412.54024pt x 373.39409pt.
 <./gif1/gif1-7.png>
<a0,fr7>
<gif1/gif1-8.png, id=412, 412.54124pt x 373.395pt>
File: gif1/gif1-8.png Graphic file (type png)
<use gif1/gif1-8.png>
Package pdftex.def Info: gif1/gif1-8.png  used on input line 150.
(pdftex.def)             Requested size: 412.54024pt x 373.39409pt.
 <./gif1/gif1-8.png> <a0,fr8>
<gif1/gif1-9.png, id=416, 412.54124pt x 373.395pt>
File: gif1/gif1-9.png Graphic file (type png)
<use gif1/gif1-9.png>
Package pdftex.def Info: gif1/gif1-9.png  used on input line 150.
(pdftex.def)             Requested size: 412.54024pt x 373.39409pt.
 <./gif1/gif1-9.png> <a0,fr9>
<gif1/gif1-10.png, id=420, 412.54124pt x 373.395pt>
File: gif1/gif1-10.png Graphic file (type png)
<use gif1/gif1-10.png>
Package pdftex.def Info: gif1/gif1-10.png  used on input line 150.
(pdftex.def)             Requested size: 412.54024pt x 373.39409pt.
 <./gif1/gif1-10.png> <a0,fr10>
<gif1/gif1-11.png, id=424, 412.54124pt x 373.395pt>
File: gif1/gif1-11.png Graphic file (type png)
<use gif1/gif1-11.png>
Package pdftex.def Info: gif1/gif1-11.png  used on input line 150.
(pdftex.def)             Requested size: 412.54024pt x 373.39409pt.
 <./gif1/gif1-11.png> <a0,fr11>
<gif1/gif1-12.png, id=428, 412.54124pt x 373.395pt>
File: gif1/gif1-12.png Graphic file (type png)
<use gif1/gif1-12.png>
Package pdftex.def Info: gif1/gif1-12.png  used on input line 150.
(pdftex.def)             Requested size: 412.54024pt x 373.39409pt.
 <./gif1/gif1-12.png>
<a0,fr12>
<gif1/gif1-13.png, id=432, 412.54124pt x 373.395pt>
File: gif1/gif1-13.png Graphic file (type png)
<use gif1/gif1-13.png>
Package pdftex.def Info: gif1/gif1-13.png  used on input line 150.
(pdftex.def)             Requested size: 412.54024pt x 373.39409pt.
 <./gif1/gif1-13.png> <a0,fr13>
<gif1/gif1-14.png, id=436, 412.54124pt x 373.395pt>
File: gif1/gif1-14.png Graphic file (type png)
<use gif1/gif1-14.png>
Package pdftex.def Info: gif1/gif1-14.png  used on input line 150.
(pdftex.def)             Requested size: 412.54024pt x 373.39409pt.
 <./gif1/gif1-14.png> <a0,fr14>
<gif1/gif1-15.png, id=440, 412.54124pt x 373.395pt>
File: gif1/gif1-15.png Graphic file (type png)
<use gif1/gif1-15.png>
Package pdftex.def Info: gif1/gif1-15.png  used on input line 150.
(pdftex.def)             Requested size: 412.54024pt x 373.39409pt.
 <./gif1/gif1-15.png> <a0,fr15>
<gif1/gif1-16.png, id=444, 412.54124pt x 373.395pt>
File: gif1/gif1-16.png Graphic file (type png)
<use gif1/gif1-16.png>
Package pdftex.def Info: gif1/gif1-16.png  used on input line 150.
(pdftex.def)             Requested size: 412.54024pt x 373.39409pt.
 <./gif1/gif1-16.png> <a0,fr16>
<gif1/gif1-17.png, id=448, 412.54124pt x 373.395pt>
File: gif1/gif1-17.png Graphic file (type png)
<use gif1/gif1-17.png>
Package pdftex.def Info: gif1/gif1-17.png  used on input line 150.
(pdftex.def)             Requested size: 412.54024pt x 373.39409pt.
 <./gif1/gif1-17.png>
<a0,fr17>
<gif1/gif1-18.png, id=452, 412.54124pt x 373.395pt>
File: gif1/gif1-18.png Graphic file (type png)
<use gif1/gif1-18.png>
Package pdftex.def Info: gif1/gif1-18.png  used on input line 150.
(pdftex.def)             Requested size: 412.54024pt x 373.39409pt.
 <./gif1/gif1-18.png> <a0,fr18>
<gif1/gif1-19.png, id=456, 412.54124pt x 373.395pt>
File: gif1/gif1-19.png Graphic file (type png)
<use gif1/gif1-19.png>
Package pdftex.def Info: gif1/gif1-19.png  used on input line 150.
(pdftex.def)             Requested size: 412.54024pt x 373.39409pt.
 <./gif1/gif1-19.png> <a0,fr19>
<gif1/gif1-20.png, id=460, 412.54124pt x 373.395pt>
File: gif1/gif1-20.png Graphic file (type png)
<use gif1/gif1-20.png>
Package pdftex.def Info: gif1/gif1-20.png  used on input line 150.
(pdftex.def)             Requested size: 412.54024pt x 373.39409pt.
 <./gif1/gif1-20.png> <a0,fr20>
<gif1/gif1-21.png, id=464, 412.54124pt x 373.395pt>
File: gif1/gif1-21.png Graphic file (type png)
<use gif1/gif1-21.png>
Package pdftex.def Info: gif1/gif1-21.png  used on input line 150.
(pdftex.def)             Requested size: 412.54024pt x 373.39409pt.
 <./gif1/gif1-21.png> <a0,fr21>
<gif1/gif1-22.png, id=468, 412.54124pt x 373.395pt>
File: gif1/gif1-22.png Graphic file (type png)
<use gif1/gif1-22.png>
Package pdftex.def Info: gif1/gif1-22.png  used on input line 150.
(pdftex.def)             Requested size: 412.54024pt x 373.39409pt.
 <./gif1/gif1-22.png>
<a0,fr22>
<gif1/gif1-23.png, id=472, 412.54124pt x 373.395pt>
File: gif1/gif1-23.png Graphic file (type png)
<use gif1/gif1-23.png>
Package pdftex.def Info: gif1/gif1-23.png  used on input line 150.
(pdftex.def)             Requested size: 412.54024pt x 373.39409pt.
 <./gif1/gif1-23.png> <a0,fr23>
<gif1/gif1-24.png, id=476, 412.54124pt x 373.395pt>
File: gif1/gif1-24.png Graphic file (type png)
<use gif1/gif1-24.png>
Package pdftex.def Info: gif1/gif1-24.png  used on input line 150.
(pdftex.def)             Requested size: 412.54024pt x 373.39409pt.
 <./gif1/gif1-24.png> <a0,fr24>
<gif1/gif1-25.png, id=480, 412.54124pt x 373.395pt>
File: gif1/gif1-25.png Graphic file (type png)
<use gif1/gif1-25.png>
Package pdftex.def Info: gif1/gif1-25.png  used on input line 150.
(pdftex.def)             Requested size: 412.54024pt x 373.39409pt.
 <./gif1/gif1-25.png> <a0,fr25>
<gif1/gif1-26.png, id=484, 412.54124pt x 373.395pt>
File: gif1/gif1-26.png Graphic file (type png)
<use gif1/gif1-26.png>
Package pdftex.def Info: gif1/gif1-26.png  used on input line 150.
(pdftex.def)             Requested size: 412.54024pt x 373.39409pt.
 <./gif1/gif1-26.png> <a0,fr26>
<gif1/gif1-27.png, id=488, 412.54124pt x 373.395pt>
File: gif1/gif1-27.png Graphic file (type png)
<use gif1/gif1-27.png>
Package pdftex.def Info: gif1/gif1-27.png  used on input line 150.
(pdftex.def)             Requested size: 412.54024pt x 373.39409pt.
 <./gif1/gif1-27.png>
<a0,fr27>
<gif1/gif1-28.png, id=492, 412.54124pt x 373.395pt>
File: gif1/gif1-28.png Graphic file (type png)
<use gif1/gif1-28.png>
Package pdftex.def Info: gif1/gif1-28.png  used on input line 150.
(pdftex.def)             Requested size: 412.54024pt x 373.39409pt.
 <./gif1/gif1-28.png> <a0,fr28>
<gif1/gif1-29.png, id=496, 412.54124pt x 373.395pt>
File: gif1/gif1-29.png Graphic file (type png)
<use gif1/gif1-29.png>
Package pdftex.def Info: gif1/gif1-29.png  used on input line 150.
(pdftex.def)             Requested size: 412.54024pt x 373.39409pt.
 <./gif1/gif1-29.png> <a0,fr29>
<a0,fr30> <a0,fr31> <a0,fr32> <a0,fr33> <a0,fr34> <a0,fr35> <a0,fr36>
<a0,fr37> <a0,fr38> <a0,fr39> <a0,fr40> <a0,fr41> <a0,fr42> <a0,fr43>
<a0,fr44> <a0,fr45>
<gif1/gif1-46.png, id=500, 412.54124pt x 373.395pt>
File: gif1/gif1-46.png Graphic file (type png)
<use gif1/gif1-46.png>
Package pdftex.def Info: gif1/gif1-46.png  used on input line 150.
(pdftex.def)             Requested size: 412.54024pt x 373.39409pt.
 <./gif1/gif1-46.png> <a0,fr46> <a0,fr47>
<gif1/gif1-48.png, id=504, 412.54124pt x 373.395pt>
File: gif1/gif1-48.png Graphic file (type png)
<use gif1/gif1-48.png>
Package pdftex.def Info: gif1/gif1-48.png  used on input line 150.
(pdftex.def)             Requested size: 412.54024pt x 373.39409pt.
 <./gif1/gif1-48.png> <a0,fr48> <a0,fr49> <a0,fr50> <a0,fr51>
<gif1/gif1-52.png, id=508, 412.54124pt x 373.395pt>
File: gif1/gif1-52.png Graphic file (type png)
<use gif1/gif1-52.png>
Package pdftex.def Info: gif1/gif1-52.png  used on input line 150.
(pdftex.def)             Requested size: 412.54024pt x 373.39409pt.
 <./gif1/gif1-52.png> <a0,fr52>
<gif1/gif1-53.png, id=512, 412.54124pt x 373.395pt>
File: gif1/gif1-53.png Graphic file (type png)
<use gif1/gif1-53.png>
Package pdftex.def Info: gif1/gif1-53.png  used on input line 150.
(pdftex.def)             Requested size: 412.54024pt x 373.39409pt.
 <./gif1/gif1-53.png> <a0,fr53>
<gif1/gif1-54.png, id=516, 412.54124pt x 373.395pt>
File: gif1/gif1-54.png Graphic file (type png)
<use gif1/gif1-54.png>
Package pdftex.def Info: gif1/gif1-54.png  used on input line 150.
(pdftex.def)             Requested size: 412.54024pt x 373.39409pt.
 <./gif1/gif1-54.png> <a0,fr54> <a0,fr55> <a0,fr56>
<a0,fr57> <a0,fr58> <a0,fr59>
<gif2/gif2-0.png, id=584, 412.54124pt x 355.3275pt>
File: gif2/gif2-0.png Graphic file (type png)
<use gif2/gif2-0.png>
Package pdftex.def Info: gif2/gif2-0.png  used on input line 150.
(pdftex.def)             Requested size: 412.54024pt x 355.32661pt.
 <./gif2/gif2-0.png> <a1,fr0>
<gif2/gif2-1.png, id=588, 412.54124pt x 355.3275pt>
File: gif2/gif2-1.png Graphic file (type png)
<use gif2/gif2-1.png>
Package pdftex.def Info: gif2/gif2-1.png  used on input line 150.
(pdftex.def)             Requested size: 412.54024pt x 355.32661pt.
 <./gif2/gif2-1.png>
<a1,fr1> <a1,fr2> <a1,fr3> <a1,fr4> <a1,fr5>
<gif2/gif2-6.png, id=592, 412.54124pt x 355.3275pt>
File: gif2/gif2-6.png Graphic file (type png)
<use gif2/gif2-6.png>
Package pdftex.def Info: gif2/gif2-6.png  used on input line 150.
(pdftex.def)             Requested size: 412.54024pt x 355.32661pt.
 <./gif2/gif2-6.png> <a1,fr6>
<gif2/gif2-7.png, id=596, 412.54124pt x 355.3275pt>
File: gif2/gif2-7.png Graphic file (type png)
<use gif2/gif2-7.png>
Package pdftex.def Info: gif2/gif2-7.png  used on input line 150.
(pdftex.def)             Requested size: 412.54024pt x 355.32661pt.
 <./gif2/gif2-7.png> <a1,fr7> <a1,fr8>
<gif2/gif2-9.png, id=600, 412.54124pt x 355.3275pt>
File: gif2/gif2-9.png Graphic file (type png)
<use gif2/gif2-9.png>
Package pdftex.def Info: gif2/gif2-9.png  used on input line 150.
(pdftex.def)             Requested size: 412.54024pt x 355.32661pt.
 <./gif2/gif2-9.png> <a1,fr9>
<gif2/gif2-10.png, id=604, 412.54124pt x 355.3275pt>
File: gif2/gif2-10.png Graphic file (type png)
<use gif2/gif2-10.png>
Package pdftex.def Info: gif2/gif2-10.png  used on input line 150.
(pdftex.def)             Requested size: 412.54024pt x 355.32661pt.
 <./gif2/gif2-10.png> <a1,fr10>
<gif2/gif2-11.png, id=608, 412.54124pt x 355.3275pt>
File: gif2/gif2-11.png Graphic file (type png)
<use gif2/gif2-11.png>
Package pdftex.def Info: gif2/gif2-11.png  used on input line 150.
(pdftex.def)             Requested size: 412.54024pt x 355.32661pt.
 <./gif2/gif2-11.png> <a1,fr11> <a1,fr12>
<gif2/gif2-13.png, id=612, 412.54124pt x 355.3275pt>
File: gif2/gif2-13.png Graphic file (type png)
<use gif2/gif2-13.png>
Package pdftex.def Info: gif2/gif2-13.png  used on input line 150.
(pdftex.def)             Requested size: 412.54024pt x 355.32661pt.
 <./gif2/gif2-13.png>
<a1,fr13>
<gif2/gif2-14.png, id=616, 412.54124pt x 355.3275pt>
File: gif2/gif2-14.png Graphic file (type png)
<use gif2/gif2-14.png>
Package pdftex.def Info: gif2/gif2-14.png  used on input line 150.
(pdftex.def)             Requested size: 412.54024pt x 355.32661pt.
 <./gif2/gif2-14.png> <a1,fr14>
<gif2/gif2-15.png, id=620, 412.54124pt x 355.3275pt>
File: gif2/gif2-15.png Graphic file (type png)
<use gif2/gif2-15.png>
Package pdftex.def Info: gif2/gif2-15.png  used on input line 150.
(pdftex.def)             Requested size: 412.54024pt x 355.32661pt.
 <./gif2/gif2-15.png> <a1,fr15>
<gif2/gif2-16.png, id=624, 412.54124pt x 355.3275pt>
File: gif2/gif2-16.png Graphic file (type png)
<use gif2/gif2-16.png>
Package pdftex.def Info: gif2/gif2-16.png  used on input line 150.
(pdftex.def)             Requested size: 412.54024pt x 355.32661pt.
 <./gif2/gif2-16.png> <a1,fr16> <a1,fr17>
<gif2/gif2-18.png, id=628, 412.54124pt x 355.3275pt>
File: gif2/gif2-18.png Graphic file (type png)
<use gif2/gif2-18.png>
Package pdftex.def Info: gif2/gif2-18.png  used on input line 150.
(pdftex.def)             Requested size: 412.54024pt x 355.32661pt.
 <./gif2/gif2-18.png> <a1,fr18>
<gif2/gif2-19.png, id=632, 412.54124pt x 355.3275pt>
File: gif2/gif2-19.png Graphic file (type png)
<use gif2/gif2-19.png>
Package pdftex.def Info: gif2/gif2-19.png  used on input line 150.
(pdftex.def)             Requested size: 412.54024pt x 355.32661pt.
 <./gif2/gif2-19.png> <a1,fr19>
<gif2/gif2-20.png, id=636, 412.54124pt x 355.3275pt>
File: gif2/gif2-20.png Graphic file (type png)
<use gif2/gif2-20.png>
Package pdftex.def Info: gif2/gif2-20.png  used on input line 150.
(pdftex.def)             Requested size: 412.54024pt x 355.32661pt.
 <./gif2/gif2-20.png> <a1,fr20> <a1,fr21>
<gif2/gif2-22.png, id=640, 412.54124pt x 355.3275pt>
File: gif2/gif2-22.png Graphic file (type png)
<use gif2/gif2-22.png>
Package pdftex.def Info: gif2/gif2-22.png  used on input line 150.
(pdftex.def)             Requested size: 412.54024pt x 355.32661pt.
 <./gif2/gif2-22.png>
<a1,fr22>
<gif2/gif2-23.png, id=644, 412.54124pt x 355.3275pt>
File: gif2/gif2-23.png Graphic file (type png)
<use gif2/gif2-23.png>
Package pdftex.def Info: gif2/gif2-23.png  used on input line 150.
(pdftex.def)             Requested size: 412.54024pt x 355.32661pt.
 <./gif2/gif2-23.png> <a1,fr23>
<gif2/gif2-24.png, id=648, 412.54124pt x 355.3275pt>
File: gif2/gif2-24.png Graphic file (type png)
<use gif2/gif2-24.png>
Package pdftex.def Info: gif2/gif2-24.png  used on input line 150.
(pdftex.def)             Requested size: 412.54024pt x 355.32661pt.
 <./gif2/gif2-24.png> <a1,fr24>
<gif2/gif2-25.png, id=652, 412.54124pt x 355.3275pt>
File: gif2/gif2-25.png Graphic file (type png)
<use gif2/gif2-25.png>
Package pdftex.def Info: gif2/gif2-25.png  used on input line 150.
(pdftex.def)             Requested size: 412.54024pt x 355.32661pt.
 <./gif2/gif2-25.png> <a1,fr25> <a1,fr26>
<gif2/gif2-27.png, id=656, 412.54124pt x 355.3275pt>
File: gif2/gif2-27.png Graphic file (type png)
<use gif2/gif2-27.png>
Package pdftex.def Info: gif2/gif2-27.png  used on input line 150.
(pdftex.def)             Requested size: 412.54024pt x 355.32661pt.
 <./gif2/gif2-27.png> <a1,fr27>
<gif2/gif2-28.png, id=660, 412.54124pt x 355.3275pt>
File: gif2/gif2-28.png Graphic file (type png)
<use gif2/gif2-28.png>
Package pdftex.def Info: gif2/gif2-28.png  used on input line 150.
(pdftex.def)             Requested size: 412.54024pt x 355.32661pt.
 <./gif2/gif2-28.png> <a1,fr28>
<gif2/gif2-29.png, id=664, 412.54124pt x 355.3275pt>
File: gif2/gif2-29.png Graphic file (type png)
<use gif2/gif2-29.png>
Package pdftex.def Info: gif2/gif2-29.png  used on input line 150.
(pdftex.def)             Requested size: 412.54024pt x 355.32661pt.
 <./gif2/gif2-29.png> <a1,fr29> <a1,fr30> <a1,fr31>
<gif2/gif2-32.png, id=668, 412.54124pt x 355.3275pt>
File: gif2/gif2-32.png Graphic file (type png)
<use gif2/gif2-32.png>
Package pdftex.def Info: gif2/gif2-32.png  used on input line 150.
(pdftex.def)             Requested size: 412.54024pt x 355.32661pt.
 <./gif2/gif2-32.png> <a1,fr32>
<gif2/gif2-33.png, id=672, 412.54124pt x 355.3275pt>
File: gif2/gif2-33.png Graphic file (type png)
<use gif2/gif2-33.png>
Package pdftex.def Info: gif2/gif2-33.png  used on input line 150.
(pdftex.def)             Requested size: 412.54024pt x 355.32661pt.
 <./gif2/gif2-33.png> <a1,fr33> <a1,fr34>
<gif2/gif2-35.png, id=676, 412.54124pt x 355.3275pt>
File: gif2/gif2-35.png Graphic file (type png)
<use gif2/gif2-35.png>
Package pdftex.def Info: gif2/gif2-35.png  used on input line 150.
(pdftex.def)             Requested size: 412.54024pt x 355.32661pt.
 <./gif2/gif2-35.png> <a1,fr35>
<gif2/gif2-36.png, id=680, 412.54124pt x 355.3275pt>
File: gif2/gif2-36.png Graphic file (type png)
<use gif2/gif2-36.png>
Package pdftex.def Info: gif2/gif2-36.png  used on input line 150.
(pdftex.def)             Requested size: 412.54024pt x 355.32661pt.
 <./gif2/gif2-36.png> <a1,fr36>
<gif2/gif2-37.png, id=684, 412.54124pt x 355.3275pt>
File: gif2/gif2-37.png Graphic file (type png)
<use gif2/gif2-37.png>
Package pdftex.def Info: gif2/gif2-37.png  used on input line 150.
(pdftex.def)             Requested size: 412.54024pt x 355.32661pt.
 <./gif2/gif2-37.png> <a1,fr37>
<gif2/gif2-38.png, id=688, 412.54124pt x 355.3275pt>
File: gif2/gif2-38.png Graphic file (type png)
<use gif2/gif2-38.png>
Package pdftex.def Info: gif2/gif2-38.png  used on input line 150.
(pdftex.def)             Requested size: 412.54024pt x 355.32661pt.
 <./gif2/gif2-38.png> <a1,fr38> <a1,fr39>
<gif2/gif2-40.png, id=692, 412.54124pt x 355.3275pt>
File: gif2/gif2-40.png Graphic file (type png)
<use gif2/gif2-40.png>
Package pdftex.def Info: gif2/gif2-40.png  used on input line 150.
(pdftex.def)             Requested size: 412.54024pt x 355.32661pt.
 <./gif2/gif2-40.png> <a1,fr40>
<gif2/gif2-41.png, id=696, 412.54124pt x 355.3275pt>
File: gif2/gif2-41.png Graphic file (type png)
<use gif2/gif2-41.png>
Package pdftex.def Info: gif2/gif2-41.png  used on input line 150.
(pdftex.def)             Requested size: 412.54024pt x 355.32661pt.
 <./gif2/gif2-41.png> <a1,fr41>
<gif2/gif2-42.png, id=700, 412.54124pt x 355.3275pt>
File: gif2/gif2-42.png Graphic file (type png)
<use gif2/gif2-42.png>
Package pdftex.def Info: gif2/gif2-42.png  used on input line 150.
(pdftex.def)             Requested size: 412.54024pt x 355.32661pt.
 <./gif2/gif2-42.png> <a1,fr42> <a1,fr43>
<gif2/gif2-44.png, id=704, 412.54124pt x 355.3275pt>
File: gif2/gif2-44.png Graphic file (type png)
<use gif2/gif2-44.png>
Package pdftex.def Info: gif2/gif2-44.png  used on input line 150.
(pdftex.def)             Requested size: 412.54024pt x 355.32661pt.
 <./gif2/gif2-44.png> <a1,fr44>
<gif2/gif2-45.png, id=708, 412.54124pt x 355.3275pt>
File: gif2/gif2-45.png Graphic file (type png)
<use gif2/gif2-45.png>
Package pdftex.def Info: gif2/gif2-45.png  used on input line 150.
(pdftex.def)             Requested size: 412.54024pt x 355.32661pt.
 <./gif2/gif2-45.png> <a1,fr45>
<gif2/gif2-46.png, id=712, 412.54124pt x 355.3275pt>
File: gif2/gif2-46.png Graphic file (type png)
<use gif2/gif2-46.png>
Package pdftex.def Info: gif2/gif2-46.png  used on input line 150.
(pdftex.def)             Requested size: 412.54024pt x 355.32661pt.
 <./gif2/gif2-46.png> <a1,fr46>
<gif2/gif2-47.png, id=716, 412.54124pt x 355.3275pt>
File: gif2/gif2-47.png Graphic file (type png)
<use gif2/gif2-47.png>
Package pdftex.def Info: gif2/gif2-47.png  used on input line 150.
(pdftex.def)             Requested size: 412.54024pt x 355.32661pt.
 <./gif2/gif2-47.png> <a1,fr47>
<gif2/gif2-48.png, id=720, 412.54124pt x 355.3275pt>
File: gif2/gif2-48.png Graphic file (type png)
<use gif2/gif2-48.png>
Package pdftex.def Info: gif2/gif2-48.png  used on input line 150.
(pdftex.def)             Requested size: 412.54024pt x 355.32661pt.
 <./gif2/gif2-48.png> <a1,fr48>
<gif2/gif2-49.png, id=724, 412.54124pt x 355.3275pt>
File: gif2/gif2-49.png Graphic file (type png)
<use gif2/gif2-49.png>
Package pdftex.def Info: gif2/gif2-49.png  used on input line 150.
(pdftex.def)             Requested size: 412.54024pt x 355.32661pt.
 <./gif2/gif2-49.png>
<a1,fr49>
<gif2/gif2-50.png, id=728, 412.54124pt x 355.3275pt>
File: gif2/gif2-50.png Graphic file (type png)
<use gif2/gif2-50.png>
Package pdftex.def Info: gif2/gif2-50.png  used on input line 150.
(pdftex.def)             Requested size: 412.54024pt x 355.32661pt.
 <./gif2/gif2-50.png> <a1,fr50>
<gif2/gif2-51.png, id=732, 412.54124pt x 355.3275pt>
File: gif2/gif2-51.png Graphic file (type png)
<use gif2/gif2-51.png>
Package pdftex.def Info: gif2/gif2-51.png  used on input line 150.
(pdftex.def)             Requested size: 412.54024pt x 355.32661pt.
 <./gif2/gif2-51.png> <a1,fr51>
<a1,fr52>
<gif2/gif2-53.png, id=736, 412.54124pt x 355.3275pt>
File: gif2/gif2-53.png Graphic file (type png)
<use gif2/gif2-53.png>
Package pdftex.def Info: gif2/gif2-53.png  used on input line 150.
(pdftex.def)             Requested size: 412.54024pt x 355.32661pt.
 <./gif2/gif2-53.png> <a1,fr53>
<gif2/gif2-54.png, id=741, 412.54124pt x 355.3275pt>
File: gif2/gif2-54.png Graphic file (type png)
<use gif2/gif2-54.png>
Package pdftex.def Info: gif2/gif2-54.png  used on input line 150.
(pdftex.def)             Requested size: 412.54024pt x 355.32661pt.
 <./gif2/gif2-54.png> <a1,fr54>
<a1,fr55> <a1,fr56> <a1,fr57> <a1,fr58> <a1,fr59>
Overfull \hbox (9.84457pt too wide) has occurred while \output is active
 [][]  
 []


Overfull \hbox (88.30594pt too wide) has occurred while \output is active
 [][][][]  
 []

[13

]
Overfull \hbox (9.84457pt too wide) has occurred while \output is active
 [][]  
 []


Overfull \hbox (88.30594pt too wide) has occurred while \output is active
 [][][][]  
 []

[14

]
Overfull \hbox (9.84457pt too wide) has occurred while \output is active
 [][]  
 []


Overfull \hbox (88.30594pt too wide) has occurred while \output is active
 [][][][]  
 []

[15

]
Overfull \hbox (9.84457pt too wide) has occurred while \output is active
 [][]  
 []


Overfull \hbox (88.30594pt too wide) has occurred while \output is active
 [][][][]  
 []

[16

]
Overfull \hbox (9.84457pt too wide) has occurred while \output is active
 [][]  
 []


Overfull \hbox (88.30594pt too wide) has occurred while \output is active
 [][][][]  
 []

[17

]
Overfull \hbox (9.84457pt too wide) has occurred while \output is active
 [][]  
 []


Overfull \hbox (88.30594pt too wide) has occurred while \output is active
 [][][][]  
 []

[18

]
Overfull \hbox (9.84457pt too wide) has occurred while \output is active
 [][]  
 []


Overfull \hbox (88.30594pt too wide) has occurred while \output is active
 [][][][]  
 []

[19

]
Overfull \hbox (9.84457pt too wide) has occurred while \output is active
 [][]  
 []


Overfull \hbox (88.30594pt too wide) has occurred while \output is active
 [][][][]  
 []

[20

]
<CYLELMOP4V2.pdf, id=1033, 276.03125pt x 433.62pt>
File: CYLELMOP4V2.pdf Graphic file (type pdf)
<use CYLELMOP4V2.pdf>
Package pdftex.def Info: CYLELMOP4V2.pdf  used on input line 205.
(pdftex.def)             Requested size: 82.81pt x 130.087pt.

Overfull \hbox (9.84457pt too wide) has occurred while \output is active
 [][]  
 []


Overfull \hbox (88.30594pt too wide) has occurred while \output is active
 [][][][]  
 []

[21

 <./CYLELMOP4V2.pdf>]
File: CYLELMOP4V2.pdf Graphic file (type pdf)
<use CYLELMOP4V2.pdf>
Package pdftex.def Info: CYLELMOP4V2.pdf  used on input line 205.
(pdftex.def)             Requested size: 82.81pt x 130.087pt.

Overfull \hbox (9.84457pt too wide) has occurred while \output is active
 [][]  
 []


Overfull \hbox (88.30594pt too wide) has occurred while \output is active
 [][][][]  
 []

[22

]
File: CYLELMOP4V2.pdf Graphic file (type pdf)
<use CYLELMOP4V2.pdf>
Package pdftex.def Info: CYLELMOP4V2.pdf  used on input line 205.
(pdftex.def)             Requested size: 82.81pt x 130.087pt.

Overfull \hbox (9.84457pt too wide) has occurred while \output is active
 [][]  
 []


Overfull \hbox (88.30594pt too wide) has occurred while \output is active
 [][][][]  
 []

[23

]
Overfull \hbox (9.84457pt too wide) has occurred while \output is active
 [][]  
 []


Overfull \hbox (88.30594pt too wide) has occurred while \output is active
 [][][][]  
 []

[24

]
<imagen_2023-04-17_035041851.png, id=1150, 1017.8025pt x 470.75874pt>
File: imagen_2023-04-17_035041851.png Graphic file (type png)
<use imagen_2023-04-17_035041851.png>
Package pdftex.def Info: imagen_2023-04-17_035041851.png  used on input line 22
2.
(pdftex.def)             Requested size: 356.23622pt x 164.76802pt.

Overfull \hbox (13.94092pt too wide) in paragraph at lines 222--222
 [] 
 []


Overfull \vbox (16.30154pt too high) detected at line 222
 []


Overfull \hbox (9.84457pt too wide) has occurred while \output is active
 [][]  
 []


Overfull \hbox (88.30594pt too wide) has occurred while \output is active
 [][][][]  
 []

[25

 <./imagen_2023-04-17_035041851.png (PNG copy)>]
Overfull \hbox (9.84457pt too wide) has occurred while \output is active
 [][]  
 []


Overfull \hbox (88.30594pt too wide) has occurred while \output is active
 [][][][]  
 []

[26

]
Overfull \hbox (9.84457pt too wide) has occurred while \output is active
 [][]  
 []


Overfull \hbox (88.30594pt too wide) has occurred while \output is active
 [][][][]  
 []

[27

]
Overfull \hbox (9.84457pt too wide) has occurred while \output is active
 [][]  
 []


Overfull \hbox (88.30594pt too wide) has occurred while \output is active
 [][][][]  
 []

[28

]
<Instrumentacin.JPG, id=1264, 758.08218pt x 572.1375pt>
File: Instrumentacin.JPG Graphic file (type jpg)
<use Instrumentacin.JPG>
Package pdftex.def Info: Instrumentacin.JPG  used on input line 247.
(pdftex.def)             Requested size: 303.2275pt x 228.85094pt.

Overfull \vbox (35.18445pt too high) detected at line 247
 []


Overfull \hbox (9.84457pt too wide) has occurred while \output is active
 [][]  
 []


Overfull \hbox (88.30594pt too wide) has occurred while \output is active
 [][][][]  
 []

[29

 <./Instrumentacin.JPG>]
<TablaPuta.JPG, id=1294, 918.43124pt x 465.99094pt>
File: TablaPuta.JPG Graphic file (type jpg)
<use TablaPuta.JPG>
Package pdftex.def Info: TablaPuta.JPG  used on input line 252.
(pdftex.def)             Requested size: 367.36598pt x 186.39307pt.

Overfull \hbox (25.07068pt too wide) in paragraph at lines 252--252
 [] 
 []


Overfull \vbox (7.98909pt too high) detected at line 252
 []


Overfull \hbox (9.84457pt too wide) has occurred while \output is active
 [][]  
 []


Overfull \hbox (88.30594pt too wide) has occurred while \output is active
 [][][][]  
 []

[30

 <./TablaPuta.JPG>]
<image0.png, id=1323, 416.757pt x 255.8358pt>
File: image0.png Graphic file (type png)
<use image0.png>
Package pdftex.def Info: image0.png  used on input line 264.
(pdftex.def)             Requested size: 166.69984pt x 102.3325pt.

pdfTeX warning (ext4): destination with the same identifier (name{fig:my_label}
) has been already used, duplicate ignored
<to be read again> 
                   \relax 
l.264 \end{frame}
                 
Overfull \hbox (12.66801pt too wide) in paragraph at lines 264--264
 [] 
 []

<image1.png, id=1324, 447.5922pt x 265.4718pt>
File: image1.png Graphic file (type png)
<use image1.png>
Package pdftex.def Info: image1.png  used on input line 264.
(pdftex.def)             Requested size: 179.03369pt x 106.18683pt.

pdfTeX warning (ext4): destination with the same identifier (name{fig:my_label}
) has been already used, duplicate ignored
<to be read again> 
                   \relax 
l.264 \end{frame}
                 
Overfull \hbox (25.00186pt too wide) in paragraph at lines 264--264
 [] 
 []


Overfull \hbox (9.84457pt too wide) has occurred while \output is active
 [][]  
 []


Overfull \hbox (88.30594pt too wide) has occurred while \output is active
 [][][][]  
 []

[31

 <./image0.png> <./image1.png>]
Overfull \hbox (9.84457pt too wide) has occurred while \output is active
 [][]  
 []


Overfull \hbox (88.30594pt too wide) has occurred while \output is active
 [][][][]  
 []

[32

]
<image2.png, id=1382, 557.4426pt x 320.397pt>
File: image2.png Graphic file (type png)
<use image2.png>
Package pdftex.def Info: image2.png  used on input line 289.
(pdftex.def)             Requested size: 334.46812pt x 192.23967pt.

pdfTeX warning (ext4): destination with the same identifier (name{fig:my_label}
) has been already used, duplicate ignored
<to be read again> 
                   \relax 
l.289 \end{frame}
                 
Overfull \hbox (9.84457pt too wide) has occurred while \output is active
 [][]  
 []


Overfull \hbox (88.30594pt too wide) has occurred while \output is active
 [][][][]  
 []

[33

 <./image2.png>]
Overfull \hbox (9.84457pt too wide) has occurred while \output is active
 [][]  
 []


Overfull \hbox (88.30594pt too wide) has occurred while \output is active
 [][][][]  
 []

[34

]
Overfull \hbox (9.84457pt too wide) has occurred while \output is active
 [][]  
 []


Overfull \hbox (88.30594pt too wide) has occurred while \output is active
 [][][][]  
 []

[35

]
Overfull \hbox (9.84457pt too wide) has occurred while \output is active
 [][]  
 []


Overfull \hbox (88.30594pt too wide) has occurred while \output is active
 [][][][]  
 []

[36

]
Overfull \hbox (9.84457pt too wide) has occurred while \output is active
 [][]  
 []


Overfull \hbox (88.30594pt too wide) has occurred while \output is active
 [][][][]  
 []

[37

]
<image3.png, id=1521, 543.4704pt x 303.0522pt>
File: image3.png Graphic file (type png)
<use image3.png>
Package pdftex.def Info: image3.png  used on input line 327.
(pdftex.def)             Requested size: 271.73453pt x 151.52573pt.

pdfTeX warning (ext4): destination with the same identifier (name{fig:my_label}
) has been already used, duplicate ignored
<to be read again> 
                   \relax 
l.327 \end{frame}
                 
Overfull \hbox (9.84457pt too wide) has occurred while \output is active
 [][]  
 []


Overfull \hbox (88.30594pt too wide) has occurred while \output is active
 [][][][]  
 []

[38

 <./image3.png>]
Overfull \hbox (8.8987pt too wide) detected at line 334
[]
 []


Overfull \hbox (9.84457pt too wide) has occurred while \output is active
 [][]  
 []


Overfull \hbox (88.30594pt too wide) has occurred while \output is active
 [][][][]  
 []

[39

]
Overfull \hbox (8.8987pt too wide) detected at line 334
[]
 []


Overfull \hbox (9.84457pt too wide) has occurred while \output is active
 [][]  
 []


Overfull \hbox (88.30594pt too wide) has occurred while \output is active
 [][][][]  
 []

[40

]
Overfull \hbox (9.84457pt too wide) has occurred while \output is active
 [][]  
 []


Overfull \hbox (88.30594pt too wide) has occurred while \output is active
 [][][][]  
 []

[41

]
Overfull \hbox (9.84457pt too wide) has occurred while \output is active
 [][]  
 []


Overfull \hbox (88.30594pt too wide) has occurred while \output is active
 [][][][]  
 []

[42

]
Overfull \hbox (9.84457pt too wide) has occurred while \output is active
 [][]  
 []


Overfull \hbox (88.30594pt too wide) has occurred while \output is active
 [][][][]  
 []

[43

]
Overfull \hbox (9.84457pt too wide) has occurred while \output is active
 [][]  
 []


Overfull \hbox (88.30594pt too wide) has occurred while \output is active
 [][][][]  
 []

[44

]
Overfull \hbox (9.84457pt too wide) has occurred while \output is active
 [][]  
 []


Overfull \hbox (88.30594pt too wide) has occurred while \output is active
 [][][][]  
 []

[45

]
<Cuestiones.JPG, id=1744, 1090.82532pt x 450.9347pt>
File: Cuestiones.JPG Graphic file (type jpg)
<use Cuestiones.JPG>
Package pdftex.def Info: Cuestiones.JPG  used on input line 366.
(pdftex.def)             Requested size: 342.29688pt x 174.5909pt.

Overfull \hbox (9.84457pt too wide) has occurred while \output is active
 [][]  
 []


Overfull \hbox (88.30594pt too wide) has occurred while \output is active
 [][][][]  
 []

[46

 <./Cuestiones.JPG>]
(C:/Users/Equipo/PycharmProjects/PRES-ELMO-P4/out/main.bbl)
Overfull \hbox (9.84457pt too wide) has occurred while \output is active
 [][]  
 []


Overfull \hbox (88.30594pt too wide) has occurred while \output is active
 [][][][]  
 []

[47

 <c:/texlive/2023/texmf-dist/tex/latex/beamer/beamericonarticle.pdf>]
\tf@nav=\write7
\openout7 = `main.nav'.

\tf@toc=\write8
\openout8 = `main.toc'.

\tf@snm=\write9
\openout9 = `main.snm'.


(C:/Users/Equipo/PycharmProjects/PRES-ELMO-P4/out/main.aux
LaTeX Info: Redefining \. on input line 27.
LaTeX Info: Redefining \% on input line 27.
)

LaTeX Warning: There were multiply-defined labels.

Package rerunfilecheck Info: File `main.out' has not changed.
(rerunfilecheck)             Checksum: D41D8CD98F00B204E9800998ECF8427E;0.
 ) 
Here is how much of TeX's memory you used:
 48568 strings out of 476017
 1097062 string characters out of 5793766
 1869660 words of memory out of 5000000
 67902 multiletter control sequences out of 15000+600000
 523574 words of font info for 75 fonts, out of 8000000 for 9000
 1141 hyphenation exceptions out of 8191
 128i,22n,133p,3236b,927s stack positions out of 10000i,1000n,20000p,200000b,200000s
<c:/texlive/2023/texmf-dist/fonts/type1/public/amsfonts/cm/cmex10.pfb><c:/tex
live/2023/texmf-dist/fonts/type1/public/amsfonts/cm/cmmi10.pfb><c:/texlive/2023
/texmf-dist/fonts/type1/public/amsfonts/cm/cmmi6.pfb><c:/texlive/2023/texmf-dis
t/fonts/type1/public/amsfonts/cm/cmmi8.pfb><c:/texlive/2023/texmf-dist/fonts/ty
pe1/public/amsfonts/cm/cmss10.pfb><c:/texlive/2023/texmf-dist/fonts/type1/publi
c/amsfonts/cm/cmss12.pfb><c:/texlive/2023/texmf-dist/fonts/type1/public/amsfont
s/cm/cmss8.pfb><c:/texlive/2023/texmf-dist/fonts/type1/public/amsfonts/cm/cmssi
10.pfb><c:/texlive/2023/texmf-dist/fonts/type1/public/amsfonts/cm/cmssi8.pfb><c
:/texlive/2023/texmf-dist/fonts/type1/public/amsfonts/cm/cmsy10.pfb><c:/texlive
/2023/texmf-dist/fonts/type1/public/amsfonts/cm/cmsy6.pfb><c:/texlive/2023/texm
f-dist/fonts/type1/public/amsfonts/cm/cmsy8.pfb><c:/texlive/2023/texmf-dist/fon
ts/type1/public/amsfonts/symbols/msam10.pfb><c:/texlive/2023/texmf-dist/fonts/t
ype1/public/amsfonts/symbols/msbm10.pfb><c:/texlive/2023/texmf-dist/fonts/type1
/public/cm-super/sfss1095.pfb><c:/texlive/2023/texmf-dist/fonts/type1/public/yh
math/yhcmex.pfb>
Output written on C:/Users/Equipo/PycharmProjects/PRES-ELMO-P4/out/main.pdf (47
 pages, 2019544 bytes).
PDF statistics:
 1902 PDF objects out of 2073 (max. 8388607)
 1543 compressed objects within 16 object streams
 101 named destinations out of 1000 (max. 500000)
 1002 words of extra memory for PDF output out of 10000 (max. 10000000)

